#
# There is insufficient memory for the Java Runtime Environment to continue.
# Native memory allocation (malloc) failed to allocate 1082016 bytes for Chunk::new
# Possible reasons:
#   The system is out of physical RAM or swap space
#   The process is running with CompressedOops enabled, and the Java Heap may be blocking the growth of the native heap
# Possible solutions:
#   Reduce memory load on the system
#   Increase physical memory or swap space
#   Check if swap backing store is full
#   Decrease Java heap size (-Xmx/-Xms)
#   Decrease number of Java threads
#   Decrease Java thread stack sizes (-Xss)
#   Set larger code cache with -XX:ReservedCodeCacheSize=
#   JVM is running with Unscaled Compressed Oops mode in which the Java heap is
#     placed in the first 4GB address space. The Java Heap base address is the
#     maximum limit for the native heap growth. Please use -XX:HeapBaseMinAddress
#     to set the Java Heap base and to place the Java Heap above 4GB virtual address.
# This output file may be truncated or incomplete.
#
#  Out of Memory Error (arena.cpp:197), pid=37000, tid=32372
#
# JRE version: OpenJDK Runtime Environment Corretto-11.0.28.6.1 (11.0.28+6) (build 11.0.28+6-LTS)
# Java VM: OpenJDK 64-Bit Server VM Corretto-11.0.28.6.1 (11.0.28+6-LTS, mixed mode, tiered, compressed oops, g1 gc, windows-amd64)
# No core dump will be written. Minidumps are not enabled by default on client versions of Windows
#

---------------  S U M M A R Y ------------

Command Line: --add-opens=java.base/java.util=ALL-UNNAMED --add-opens=java.base/java.lang=ALL-UNNAMED --add-opens=java.base/java.lang.invoke=ALL-UNNAMED --add-opens=java.prefs/java.util.prefs=ALL-UNNAMED --add-opens=java.base/java.nio.charset=ALL-UNNAMED --add-opens=java.base/java.net=ALL-UNNAMED --add-opens=java.base/java.util.concurrent.atomic=ALL-UNNAMED -XX:MaxMetaspaceSize=384m -XX:+HeapDumpOnOutOfMemoryError -Xms256m -Xmx512m -Dfile.encoding=UTF-8 -Duser.country=US -Duser.language=en -Duser.variant -javaagent:C:\Users\yarias\.gradle\wrapper\dists\gradle-8.6-bin\afr5mpiioh2wthjmwnkmdsd5w\gradle-8.6\lib\agents\gradle-instrumentation-agent-8.6.jar org.gradle.launcher.daemon.bootstrap.GradleDaemon 8.6

Host: 11th Gen Intel(R) Core(TM) i7-1165G7 @ 2.80GHz, 8 cores, 15G,  Windows 11 , 64 bit Build 26100 (10.0.26100.4768)
Time: Tue Dec  2 16:50:45 2025 SA Pacific Standard Time elapsed time: 117.280692 seconds (0d 0h 1m 57s)

---------------  T H R E A D  ---------------

Current thread (0x0000022324a11800):  JavaThread "C2 CompilerThread1" daemon [_thread_in_native, id=32372, stack(0x000000bb37200000,0x000000bb37300000)]


Current CompileTask:
C2: 117280 11453   !   4       com.sun.beans.TypeResolver::resolve (264 bytes)

Stack: [0x000000bb37200000,0x000000bb37300000]
Native frames: (J=compiled Java code, j=interpreted, Vv=VM code, C=native code)
V  [jvm.dll+0x6464ca]
V  [jvm.dll+0x7dad19]
V  [jvm.dll+0x7dc419]
V  [jvm.dll+0x7dcb03]
V  [jvm.dll+0x269e15]
V  [jvm.dll+0xc21dc]
V  [jvm.dll+0xc278c]
V  [jvm.dll+0x2dc1d2]
V  [jvm.dll+0x55137b]
V  [jvm.dll+0x22162b]
V  [jvm.dll+0x223b4c]
V  [jvm.dll+0x220d64]
V  [jvm.dll+0x19ea61]
V  [jvm.dll+0x230d29]
V  [jvm.dll+0x22ee9f]
V  [jvm.dll+0x79bf41]
V  [jvm.dll+0x794c14]
V  [jvm.dll+0x645285]
C  [ucrtbase.dll+0x37b0]
C  [KERNEL32.DLL+0x2e8d7]
C  [ntdll.dll+0x3c34c]


---------------  P R O C E S S  ---------------

Threads class SMR info:
_java_thread_list=0x0000022323005d00, length=59, elements={
0x000002237d3b0800, 0x00000223196f3800, 0x00000223196ff800, 0x000002231974e800,
0x000002231974f800, 0x0000022319751800, 0x0000022319756000, 0x0000022319759800,
0x000002231976a800, 0x000002237f4c0000, 0x000002231c39b000, 0x000002231c091000,
0x000002231c7b9800, 0x000002231ba7d800, 0x000002231bbc7000, 0x000002231c235000,
0x000002231c235800, 0x000002231c233800, 0x000002231c236800, 0x000002231c237800,
0x000002231efe6000, 0x000002231efe4800, 0x000002231efe3800, 0x000002231efea000,
0x000002231efeb000, 0x000002231efec000, 0x000002231eff0000, 0x000002231efed800,
0x000002231eff2800, 0x000002231d2f3800, 0x0000022320965800, 0x000002231ce6c000,
0x000002231ce6b000, 0x000002231ce70800, 0x000002231ce6e800, 0x000002231ce6d800,
0x000002231ce79000, 0x0000022320963800, 0x000002231ce78000, 0x000002231d2f5000,
0x000002231d2f6000, 0x000002231d2f4800, 0x000002231d2f9800, 0x000002231d2f8800,
0x000002231d2f7000, 0x000002231d2fa000, 0x000002231d2f7800, 0x0000022320962000,
0x0000022324a11800, 0x0000022320963000, 0x0000022320961000, 0x0000022320964800,
0x0000022320966000, 0x0000022320969800, 0x0000022320967800, 0x0000022320967000,
0x000002232096b000, 0x0000022320968800, 0x000002232096a000
}

Java Threads: ( => current thread )
  0x000002237d3b0800 JavaThread "main" [_thread_blocked, id=39296, stack(0x000000bb34600000,0x000000bb34700000)]
  0x00000223196f3800 JavaThread "Reference Handler" daemon [_thread_blocked, id=36608, stack(0x000000bb34d00000,0x000000bb34e00000)]
  0x00000223196ff800 JavaThread "Finalizer" daemon [_thread_blocked, id=3320, stack(0x000000bb34e00000,0x000000bb34f00000)]
  0x000002231974e800 JavaThread "Signal Dispatcher" daemon [_thread_blocked, id=27448, stack(0x000000bb34f00000,0x000000bb35000000)]
  0x000002231974f800 JavaThread "Attach Listener" daemon [_thread_blocked, id=18188, stack(0x000000bb35000000,0x000000bb35100000)]
  0x0000022319751800 JavaThread "Service Thread" daemon [_thread_blocked, id=20616, stack(0x000000bb35100000,0x000000bb35200000)]
  0x0000022319756000 JavaThread "C2 CompilerThread0" daemon [_thread_in_native, id=5708, stack(0x000000bb35200000,0x000000bb35300000)]
  0x0000022319759800 JavaThread "C1 CompilerThread0" daemon [_thread_blocked, id=38720, stack(0x000000bb35300000,0x000000bb35400000)]
  0x000002231976a800 JavaThread "Sweeper thread" daemon [_thread_blocked, id=34400, stack(0x000000bb35400000,0x000000bb35500000)]
  0x000002237f4c0000 JavaThread "Common-Cleaner" daemon [_thread_blocked, id=4348, stack(0x000000bb35500000,0x000000bb35600000)]
  0x000002231c39b000 JavaThread "Daemon health stats" [_thread_blocked, id=25968, stack(0x000000bb35d00000,0x000000bb35e00000)]
  0x000002231c091000 JavaThread "Incoming local TCP Connector on port 54583" [_thread_in_native, id=37404, stack(0x000000bb35600000,0x000000bb35700000)]
  0x000002231c7b9800 JavaThread "Daemon periodic checks" [_thread_blocked, id=24500, stack(0x000000bb35e00000,0x000000bb35f00000)]
  0x000002231ba7d800 JavaThread "Daemon" [_thread_blocked, id=21668, stack(0x000000bb35f00000,0x000000bb36000000)]
  0x000002231bbc7000 JavaThread "Daemon worker" [_thread_blocked, id=19668, stack(0x000000bb36200000,0x000000bb36300000)]
  0x000002231c235000 JavaThread "Cache worker for journal cache (C:\Users\yarias\.gradle\caches\journal-1)" [_thread_blocked, id=23056, stack(0x000000bb36900000,0x000000bb36a00000)]
  0x000002231c235800 JavaThread "File lock request listener" [_thread_in_native, id=31872, stack(0x000000bb36a00000,0x000000bb36b00000)]
  0x000002231c233800 JavaThread "Cache worker for file hash cache (C:\Users\yarias\.gradle\caches\8.6\fileHashes)" [_thread_blocked, id=6464, stack(0x000000bb36b00000,0x000000bb36c00000)]
  0x000002231c236800 JavaThread "File watcher server" daemon [_thread_in_native, id=28628, stack(0x000000bb36e00000,0x000000bb36f00000)]
  0x000002231c237800 JavaThread "File watcher consumer" daemon [_thread_blocked, id=27404, stack(0x000000bb36f00000,0x000000bb37000000)]
  0x000002231efe6000 JavaThread "Cache worker for file content cache (C:\Users\yarias\.gradle\caches\8.6\fileContent)" [_thread_blocked, id=33748, stack(0x000000bb37400000,0x000000bb37500000)]
  0x000002231efe4800 JavaThread "jar transforms" [_thread_blocked, id=34024, stack(0x000000bb37500000,0x000000bb37600000)]
  0x000002231efe3800 JavaThread "jar transforms Thread 2" [_thread_blocked, id=4100, stack(0x000000bb37600000,0x000000bb37700000)]
  0x000002231efea000 JavaThread "jar transforms Thread 3" [_thread_blocked, id=2032, stack(0x000000bb37700000,0x000000bb37800000)]
  0x000002231efeb000 JavaThread "jar transforms Thread 4" [_thread_blocked, id=36664, stack(0x000000bb37800000,0x000000bb37900000)]
  0x000002231efec000 JavaThread "jar transforms Thread 5" [_thread_blocked, id=34688, stack(0x000000bb37900000,0x000000bb37a00000)]
  0x000002231eff0000 JavaThread "jar transforms Thread 6" [_thread_blocked, id=30304, stack(0x000000bb37d00000,0x000000bb37e00000)]
  0x000002231efed800 JavaThread "jar transforms Thread 7" [_thread_blocked, id=37916, stack(0x000000bb37e00000,0x000000bb37f00000)]
  0x000002231eff2800 JavaThread "jar transforms Thread 8" [_thread_blocked, id=1692, stack(0x000000bb37f00000,0x000000bb38000000)]
  0x000002231d2f3800 JavaThread "Memory manager" [_thread_blocked, id=20084, stack(0x000000bb38100000,0x000000bb38200000)]
  0x0000022320965800 JavaThread "Cache worker for Java compile cache (C:\Users\yarias\.gradle\caches\8.6\javaCompile)" [_thread_blocked, id=34464, stack(0x000000bb39300000,0x000000bb39400000)]
  0x000002231ce6c000 JavaThread "Exec process" [_thread_blocked, id=18672, stack(0x000000bb3a400000,0x000000bb3a500000)]
  0x000002231ce6b000 JavaThread "Exec process Thread 2" [_thread_blocked, id=30200, stack(0x000000bb3a600000,0x000000bb3a700000)]
  0x000002231ce70800 JavaThread "Exec process Thread 3" [_thread_blocked, id=27148, stack(0x000000bb3a700000,0x000000bb3a800000)]
  0x000002231ce6e800 JavaThread "Exec process Thread 4" [_thread_blocked, id=33152, stack(0x000000bb3a800000,0x000000bb3a900000)]
  0x000002231ce6d800 JavaThread "Daemon Thread 2" [_thread_blocked, id=31356, stack(0x000000bb34400000,0x000000bb34500000)]
  0x000002231ce79000 JavaThread "included builds" [_thread_blocked, id=30712, stack(0x000000bb37a00000,0x000000bb37b00000)]
  0x0000022320963800 JavaThread "included builds" [_thread_blocked, id=34856, stack(0x000000bb37b00000,0x000000bb37c00000)]
  0x000002231ce78000 JavaThread "included builds" [_thread_blocked, id=29868, stack(0x000000bb37300000,0x000000bb37400000)]
  0x000002231d2f5000 JavaThread "Handler for socket connection from /127.0.0.1:54583 to /127.0.0.1:49891" [_thread_in_native, id=6684, stack(0x000000bb34300000,0x000000bb34400000)]
  0x000002231d2f6000 JavaThread "Cancel handler" [_thread_blocked, id=39856, stack(0x000000bb36100000,0x000000bb36200000)]
  0x000002231d2f4800 JavaThread "Asynchronous log dispatcher for DefaultDaemonConnection: socket connection from /127.0.0.1:54583 to /127.0.0.1:49891" [_thread_blocked, id=32792, stack(0x000000bb36300000,0x000000bb36400000)]
  0x000002231d2f9800 JavaThread "Stdin handler" [_thread_blocked, id=27612, stack(0x000000bb36400000,0x000000bb36500000)]
  0x000002231d2f8800 JavaThread "Daemon client event forwarder" [_thread_blocked, id=6468, stack(0x000000bb36500000,0x000000bb36600000)]
  0x000002231d2f7000 JavaThread "Cache worker for checksums cache (C:\WS JAVA\202511\Intermedio\Ejercicios\Selenium\.gradle\8.6\checksums)" [_thread_blocked, id=27220, stack(0x000000bb36c00000,0x000000bb36d00000)]
  0x000002231d2fa000 JavaThread "Cache worker for file hash cache (C:\WS JAVA\202511\Intermedio\Ejercicios\Selenium\.gradle\8.6\fileHashes)" [_thread_blocked, id=37108, stack(0x000000bb36d00000,0x000000bb36e00000)]
  0x000002231d2f7800 JavaThread "Cache worker for cache directory md-supplier (C:\Users\yarias\.gradle\caches\8.6\md-supplier)" [_thread_blocked, id=39280, stack(0x000000bb37000000,0x000000bb37100000)]
  0x0000022320962000 JavaThread "Cache worker for cache directory md-rule (C:\Users\yarias\.gradle\caches\8.6\md-rule)" [_thread_blocked, id=29088, stack(0x000000bb37100000,0x000000bb37200000)]
=>0x0000022324a11800 JavaThread "C2 CompilerThread1" daemon [_thread_in_native, id=32372, stack(0x000000bb37200000,0x000000bb37300000)]
  0x0000022320963000 JavaThread "Cache worker for Build Output Cleanup Cache (C:\WS JAVA\202511\Intermedio\Ejercicios\Selenium\.gradle\buildOutputCleanup)" [_thread_blocked, id=34332, stack(0x000000bb37c00000,0x000000bb37d00000)]
  0x0000022320961000 JavaThread "included builds" [_thread_blocked, id=33708, stack(0x000000bb38000000,0x000000bb38100000)]
  0x0000022320964800 JavaThread "Execution worker" [_thread_blocked, id=32448, stack(0x000000bb38200000,0x000000bb38300000)]
  0x0000022320966000 JavaThread "Execution worker Thread 2" [_thread_blocked, id=26560, stack(0x000000bb38300000,0x000000bb38400000)]
  0x0000022320969800 JavaThread "Execution worker Thread 3" [_thread_blocked, id=38840, stack(0x000000bb38400000,0x000000bb38500000)]
  0x0000022320967800 JavaThread "Execution worker Thread 4" [_thread_blocked, id=32836, stack(0x000000bb38500000,0x000000bb38600000)]
  0x0000022320967000 JavaThread "Execution worker Thread 5" [_thread_blocked, id=22268, stack(0x000000bb38600000,0x000000bb38700000)]
  0x000002232096b000 JavaThread "Execution worker Thread 6" [_thread_blocked, id=35516, stack(0x000000bb38700000,0x000000bb38800000)]
  0x0000022320968800 JavaThread "Execution worker Thread 7" [_thread_in_Java, id=39352, stack(0x000000bb38800000,0x000000bb38900000)]
  0x000002232096a000 JavaThread "Cache worker for execution history cache (C:\WS JAVA\202511\Intermedio\Ejercicios\Selenium\.gradle\8.6\executionHistory)" [_thread_blocked, id=32204, stack(0x000000bb38900000,0x000000bb38a00000)]

Other Threads:
  0x000002237f502800 VMThread "VM Thread" [stack: 0x000000bb34c00000,0x000000bb34d00000] [id=35256]
  0x0000022319aee800 WatcherThread [stack: 0x000000bb35700000,0x000000bb35800000] [id=30928]
  0x000002237d3ca800 GCTaskThread "GC Thread#0" [stack: 0x000000bb34700000,0x000000bb34800000] [id=872]
  0x000002231a62e800 GCTaskThread "GC Thread#1" [stack: 0x000000bb35800000,0x000000bb35900000] [id=31280]
  0x000002231a3ff800 GCTaskThread "GC Thread#2" [stack: 0x000000bb35900000,0x000000bb35a00000] [id=12704]
  0x000002231a7ce000 GCTaskThread "GC Thread#3" [stack: 0x000000bb35a00000,0x000000bb35b00000] [id=26908]
  0x000002231a900000 GCTaskThread "GC Thread#4" [stack: 0x000000bb35b00000,0x000000bb35c00000] [id=19340]
  0x000002231a662000 GCTaskThread "GC Thread#5" [stack: 0x000000bb35c00000,0x000000bb35d00000] [id=29292]
  0x000002231c23e800 GCTaskThread "GC Thread#6" [stack: 0x000000bb36600000,0x000000bb36700000] [id=25704]
  0x000002231bc20000 GCTaskThread "GC Thread#7" [stack: 0x000000bb36700000,0x000000bb36800000] [id=28148]
  0x000002237d3de000 ConcurrentGCThread "G1 Main Marker" [stack: 0x000000bb34800000,0x000000bb34900000] [id=33196]
  0x000002237d3df000 ConcurrentGCThread "G1 Conc#0" [stack: 0x000000bb34900000,0x000000bb34a00000] [id=27408]
  0x000002231b06d800 ConcurrentGCThread "G1 Conc#1" [stack: 0x000000bb36800000,0x000000bb36900000] [id=21088]
  0x000002237d3e2000 ConcurrentGCThread "G1 Refine#0" [stack: 0x000000bb34a00000,0x000000bb34b00000] [id=31344]
  0x000002231fa5d000 ConcurrentGCThread "G1 Refine#1" [stack: 0x000000bb39b00000,0x000000bb39c00000] [id=36188]
  0x000002231eebd000 ConcurrentGCThread "G1 Refine#2" [stack: 0x000000bb39c00000,0x000000bb39d00000] [id=27168]
  0x000002231eebd800 ConcurrentGCThread "G1 Refine#3" [stack: 0x000000bb39d00000,0x000000bb39e00000] [id=25880]
  0x000002231eebe800 ConcurrentGCThread "G1 Refine#4" [stack: 0x000000bb39e00000,0x000000bb39f00000] [id=39860]
  0x000002231eec2000 ConcurrentGCThread "G1 Refine#5" [stack: 0x000000bb39f00000,0x000000bb3a000000] [id=13688]
  0x000002237f39f000 ConcurrentGCThread "G1 Young RemSet Sampling" [stack: 0x000000bb34b00000,0x000000bb34c00000] [id=15648]

Threads with active compile tasks:
C2 CompilerThread0   117329 11532       4       org.gradle.api.internal.artifacts.ivyservice.resolveengine.result.DesugaredAttributeContainerSerializer::read (155 bytes)
C2 CompilerThread1   117330 11453   !   4       com.sun.beans.TypeResolver::resolve (264 bytes)

VM state:not at safepoint (normal execution)

VM Mutex/Monitor currently owned by a thread: None

Heap address: 0x00000000e0000000, size: 512 MB, Compressed Oops mode: 32-bit
Narrow klass base: 0x0000000000000000, Narrow klass shift: 3
Compressed class space size: 394264576 Address: 0x0000000100000000

Heap:
 garbage-first heap   total 262144K, used 94277K [0x00000000e0000000, 0x0000000100000000)
  region size 1024K, 14 young (14336K), 3 survivors (3072K)
 Metaspace       used 76818K, capacity 80388K, committed 80544K, reserved 454656K
  class space    used 9956K, capacity 11235K, committed 11264K, reserved 385024K
Heap Regions: E=young(eden), S=young(survivor), O=old, HS=humongous(starts), HC=humongous(continues), CS=collection set, F=free, A=archive, TAMS=top-at-mark-start (previous, next)
|   0|0x00000000e0000000, 0x00000000e0100000, 0x00000000e0100000|100%|HS|  |TAMS 0x00000000e0100000, 0x00000000e0000000| Complete 
|   1|0x00000000e0100000, 0x00000000e0200000, 0x00000000e0200000|100%|HC|  |TAMS 0x00000000e0200000, 0x00000000e0100000| Complete 
|   2|0x00000000e0200000, 0x00000000e0300000, 0x00000000e0300000|100%|HC|  |TAMS 0x00000000e0300000, 0x00000000e0200000| Complete 
|   3|0x00000000e0300000, 0x00000000e0400000, 0x00000000e0400000|100%|HC|  |TAMS 0x00000000e0400000, 0x00000000e0300000| Complete 
|   4|0x00000000e0400000, 0x00000000e0500000, 0x00000000e0500000|100%| O|  |TAMS 0x00000000e0500000, 0x00000000e0400000| Untracked 
|   5|0x00000000e0500000, 0x00000000e0600000, 0x00000000e0600000|100%| O|  |TAMS 0x00000000e0600000, 0x00000000e0500000| Untracked 
|   6|0x00000000e0600000, 0x00000000e0700000, 0x00000000e0700000|100%| O|  |TAMS 0x00000000e0700000, 0x00000000e0600000| Untracked 
|   7|0x00000000e0700000, 0x00000000e0800000, 0x00000000e0800000|100%| O|  |TAMS 0x00000000e0800000, 0x00000000e0700000| Untracked 
|   8|0x00000000e0800000, 0x00000000e0900000, 0x00000000e0900000|100%| O|  |TAMS 0x00000000e0900000, 0x00000000e0800000| Untracked 
|   9|0x00000000e0900000, 0x00000000e0a00000, 0x00000000e0a00000|100%| O|  |TAMS 0x00000000e0a00000, 0x00000000e0900000| Untracked 
|  10|0x00000000e0a00000, 0x00000000e0b00000, 0x00000000e0b00000|100%| O|  |TAMS 0x00000000e0b00000, 0x00000000e0a00000| Untracked 
|  11|0x00000000e0b00000, 0x00000000e0c00000, 0x00000000e0c00000|100%| O|  |TAMS 0x00000000e0c00000, 0x00000000e0b00000| Untracked 
|  12|0x00000000e0c00000, 0x00000000e0d00000, 0x00000000e0d00000|100%| O|  |TAMS 0x00000000e0d00000, 0x00000000e0c00000| Untracked 
|  13|0x00000000e0d00000, 0x00000000e0e00000, 0x00000000e0e00000|100%| O|  |TAMS 0x00000000e0e00000, 0x00000000e0d00000| Untracked 
|  14|0x00000000e0e00000, 0x00000000e0f00000, 0x00000000e0f00000|100%| O|  |TAMS 0x00000000e0f00000, 0x00000000e0e00000| Untracked 
|  15|0x00000000e0f00000, 0x00000000e1000000, 0x00000000e1000000|100%| O|  |TAMS 0x00000000e1000000, 0x00000000e0f00000| Untracked 
|  16|0x00000000e1000000, 0x00000000e1100000, 0x00000000e1100000|100%| O|  |TAMS 0x00000000e1100000, 0x00000000e1000000| Untracked 
|  17|0x00000000e1100000, 0x00000000e1200000, 0x00000000e1200000|100%| O|  |TAMS 0x00000000e1200000, 0x00000000e1100000| Untracked 
|  18|0x00000000e1200000, 0x00000000e1300000, 0x00000000e1300000|100%| O|  |TAMS 0x00000000e1300000, 0x00000000e1200000| Untracked 
|  19|0x00000000e1300000, 0x00000000e1400000, 0x00000000e1400000|100%| O|  |TAMS 0x00000000e1400000, 0x00000000e1300000| Untracked 
|  20|0x00000000e1400000, 0x00000000e1500000, 0x00000000e1500000|100%| O|  |TAMS 0x00000000e1500000, 0x00000000e1400000| Untracked 
|  21|0x00000000e1500000, 0x00000000e1600000, 0x00000000e1600000|100%| O|  |TAMS 0x00000000e1600000, 0x00000000e1500000| Untracked 
|  22|0x00000000e1600000, 0x00000000e1700000, 0x00000000e1700000|100%| O|  |TAMS 0x00000000e1700000, 0x00000000e1600000| Untracked 
|  23|0x00000000e1700000, 0x00000000e17ffff8, 0x00000000e1800000| 99%| O|  |TAMS 0x00000000e17ffff8, 0x00000000e1700000| Untracked 
|  24|0x00000000e1800000, 0x00000000e1900000, 0x00000000e1900000|100%| O|  |TAMS 0x00000000e1900000, 0x00000000e1800000| Untracked 
|  25|0x00000000e1900000, 0x00000000e1a00000, 0x00000000e1a00000|100%| O|  |TAMS 0x00000000e1a00000, 0x00000000e1900000| Untracked 
|  26|0x00000000e1a00000, 0x00000000e1b00000, 0x00000000e1b00000|100%| O|  |TAMS 0x00000000e1b00000, 0x00000000e1a00000| Untracked 
|  27|0x00000000e1b00000, 0x00000000e1c00000, 0x00000000e1c00000|100%| O|  |TAMS 0x00000000e1c00000, 0x00000000e1b00000| Untracked 
|  28|0x00000000e1c00000, 0x00000000e1d00000, 0x00000000e1d00000|100%| O|  |TAMS 0x00000000e1d00000, 0x00000000e1c00000| Untracked 
|  29|0x00000000e1d00000, 0x00000000e1e00000, 0x00000000e1e00000|100%| O|  |TAMS 0x00000000e1e00000, 0x00000000e1d00000| Untracked 
|  30|0x00000000e1e00000, 0x00000000e1f00000, 0x00000000e1f00000|100%| O|  |TAMS 0x00000000e1edd800, 0x00000000e1e00000| Untracked 
|  31|0x00000000e1f00000, 0x00000000e1f00000, 0x00000000e2000000|  0%| F|  |TAMS 0x00000000e1f00000, 0x00000000e1f00000| Untracked 
|  32|0x00000000e2000000, 0x00000000e2100000, 0x00000000e2100000|100%| O|  |TAMS 0x00000000e2000000, 0x00000000e2000000| Untracked 
|  33|0x00000000e2100000, 0x00000000e2200000, 0x00000000e2200000|100%| O|  |TAMS 0x00000000e2100000, 0x00000000e2100000| Untracked 
|  34|0x00000000e2200000, 0x00000000e2300000, 0x00000000e2300000|100%| O|  |TAMS 0x00000000e2200000, 0x00000000e2200000| Untracked 
|  35|0x00000000e2300000, 0x00000000e2400000, 0x00000000e2400000|100%| O|  |TAMS 0x00000000e2300000, 0x00000000e2300000| Untracked 
|  36|0x00000000e2400000, 0x00000000e2500000, 0x00000000e2500000|100%| O|  |TAMS 0x00000000e2400000, 0x00000000e2400000| Untracked 
|  37|0x00000000e2500000, 0x00000000e2600000, 0x00000000e2600000|100%| O|  |TAMS 0x00000000e2500000, 0x00000000e2500000| Untracked 
|  38|0x00000000e2600000, 0x00000000e2700000, 0x00000000e2700000|100%| O|  |TAMS 0x00000000e2600000, 0x00000000e2600000| Untracked 
|  39|0x00000000e2700000, 0x00000000e2700000, 0x00000000e2800000|  0%| F|  |TAMS 0x00000000e2700000, 0x00000000e2700000| Untracked 
|  40|0x00000000e2800000, 0x00000000e2800000, 0x00000000e2900000|  0%| F|  |TAMS 0x00000000e2800000, 0x00000000e2800000| Untracked 
|  41|0x00000000e2900000, 0x00000000e2900000, 0x00000000e2a00000|  0%| F|  |TAMS 0x00000000e2900000, 0x00000000e2900000| Untracked 
|  42|0x00000000e2a00000, 0x00000000e2a00000, 0x00000000e2b00000|  0%| F|  |TAMS 0x00000000e2a00000, 0x00000000e2a00000| Untracked 
|  43|0x00000000e2b00000, 0x00000000e2b00000, 0x00000000e2c00000|  0%| F|  |TAMS 0x00000000e2b00000, 0x00000000e2b00000| Untracked 
|  44|0x00000000e2c00000, 0x00000000e2d00000, 0x00000000e2d00000|100%| O|  |TAMS 0x00000000e2c00000, 0x00000000e2c00000| Untracked 
|  45|0x00000000e2d00000, 0x00000000e2e00000, 0x00000000e2e00000|100%| O|  |TAMS 0x00000000e2d00000, 0x00000000e2d00000| Untracked 
|  46|0x00000000e2e00000, 0x00000000e2f00000, 0x00000000e2f00000|100%| O|  |TAMS 0x00000000e2e00000, 0x00000000e2e00000| Untracked 
|  47|0x00000000e2f00000, 0x00000000e3000000, 0x00000000e3000000|100%| O|  |TAMS 0x00000000e2f00000, 0x00000000e2f00000| Untracked 
|  48|0x00000000e3000000, 0x00000000e3100000, 0x00000000e3100000|100%| O|  |TAMS 0x00000000e3000000, 0x00000000e3000000| Untracked 
|  49|0x00000000e3100000, 0x00000000e3200000, 0x00000000e3200000|100%| O|  |TAMS 0x00000000e3100000, 0x00000000e3100000| Untracked 
|  50|0x00000000e3200000, 0x00000000e3300000, 0x00000000e3300000|100%| O|  |TAMS 0x00000000e3200000, 0x00000000e3200000| Untracked 
|  51|0x00000000e3300000, 0x00000000e3400000, 0x00000000e3400000|100%| O|  |TAMS 0x00000000e3300000, 0x00000000e3300000| Untracked 
|  52|0x00000000e3400000, 0x00000000e3500000, 0x00000000e3500000|100%| O|  |TAMS 0x00000000e3400000, 0x00000000e3400000| Untracked 
|  53|0x00000000e3500000, 0x00000000e3600000, 0x00000000e3600000|100%| O|  |TAMS 0x00000000e3500000, 0x00000000e3500000| Untracked 
|  54|0x00000000e3600000, 0x00000000e3700000, 0x00000000e3700000|100%| O|  |TAMS 0x00000000e3600000, 0x00000000e3600000| Untracked 
|  55|0x00000000e3700000, 0x00000000e3800000, 0x00000000e3800000|100%| O|  |TAMS 0x00000000e3700000, 0x00000000e3700000| Untracked 
|  56|0x00000000e3800000, 0x00000000e3900000, 0x00000000e3900000|100%| O|  |TAMS 0x00000000e3800000, 0x00000000e3800000| Untracked 
|  57|0x00000000e3900000, 0x00000000e3a00000, 0x00000000e3a00000|100%| O|  |TAMS 0x00000000e3900000, 0x00000000e3900000| Untracked 
|  58|0x00000000e3a00000, 0x00000000e3b00000, 0x00000000e3b00000|100%| O|  |TAMS 0x00000000e3a00000, 0x00000000e3a00000| Untracked 
|  59|0x00000000e3b00000, 0x00000000e3c00000, 0x00000000e3c00000|100%| O|  |TAMS 0x00000000e3b00000, 0x00000000e3b00000| Untracked 
|  60|0x00000000e3c00000, 0x00000000e3d00000, 0x00000000e3d00000|100%| O|  |TAMS 0x00000000e3c00000, 0x00000000e3c00000| Untracked 
|  61|0x00000000e3d00000, 0x00000000e3e00000, 0x00000000e3e00000|100%| O|  |TAMS 0x00000000e3d00000, 0x00000000e3d00000| Untracked 
|  62|0x00000000e3e00000, 0x00000000e3e00000, 0x00000000e3f00000|  0%| F|  |TAMS 0x00000000e3e00000, 0x00000000e3e00000| Untracked 
|  63|0x00000000e3f00000, 0x00000000e3f00000, 0x00000000e4000000|  0%| F|  |TAMS 0x00000000e3f00000, 0x00000000e3f00000| Untracked 
|  64|0x00000000e4000000, 0x00000000e4000000, 0x00000000e4100000|  0%| F|  |TAMS 0x00000000e4000000, 0x00000000e4000000| Untracked 
|  65|0x00000000e4100000, 0x00000000e4200000, 0x00000000e4200000|100%| O|  |TAMS 0x00000000e4100000, 0x00000000e4100000| Untracked 
|  66|0x00000000e4200000, 0x00000000e4300000, 0x00000000e4300000|100%| O|  |TAMS 0x00000000e4200000, 0x00000000e4200000| Untracked 
|  67|0x00000000e4300000, 0x00000000e4400000, 0x00000000e4400000|100%| O|  |TAMS 0x00000000e4300000, 0x00000000e4300000| Untracked 
|  68|0x00000000e4400000, 0x00000000e4500000, 0x00000000e4500000|100%| O|  |TAMS 0x00000000e4400000, 0x00000000e4400000| Untracked 
|  69|0x00000000e4500000, 0x00000000e4600000, 0x00000000e4600000|100%| O|  |TAMS 0x00000000e4500000, 0x00000000e4500000| Untracked 
|  70|0x00000000e4600000, 0x00000000e4700000, 0x00000000e4700000|100%| O|  |TAMS 0x00000000e4600000, 0x00000000e4600000| Untracked 
|  71|0x00000000e4700000, 0x00000000e4800000, 0x00000000e4800000|100%| O|  |TAMS 0x00000000e4700000, 0x00000000e4700000| Untracked 
|  72|0x00000000e4800000, 0x00000000e4900000, 0x00000000e4900000|100%| O|  |TAMS 0x00000000e4800000, 0x00000000e4800000| Untracked 
|  73|0x00000000e4900000, 0x00000000e4a00000, 0x00000000e4a00000|100%| O|  |TAMS 0x00000000e4900000, 0x00000000e4900000| Untracked 
|  74|0x00000000e4a00000, 0x00000000e4b00000, 0x00000000e4b00000|100%| O|  |TAMS 0x00000000e4a00000, 0x00000000e4a00000| Untracked 
|  75|0x00000000e4b00000, 0x00000000e4b00000, 0x00000000e4c00000|  0%| F|  |TAMS 0x00000000e4b00000, 0x00000000e4b00000| Untracked 
|  76|0x00000000e4c00000, 0x00000000e4c00000, 0x00000000e4d00000|  0%| F|  |TAMS 0x00000000e4c00000, 0x00000000e4c00000| Untracked 
|  77|0x00000000e4d00000, 0x00000000e4e00000, 0x00000000e4e00000|100%| O|  |TAMS 0x00000000e4d00000, 0x00000000e4d00000| Untracked 
|  78|0x00000000e4e00000, 0x00000000e4f00000, 0x00000000e4f00000|100%| O|  |TAMS 0x00000000e4e00000, 0x00000000e4e00000| Untracked 
|  79|0x00000000e4f00000, 0x00000000e5000000, 0x00000000e5000000|100%| O|  |TAMS 0x00000000e4f00000, 0x00000000e4f00000| Untracked 
|  80|0x00000000e5000000, 0x00000000e5100000, 0x00000000e5100000|100%| O|  |TAMS 0x00000000e5000000, 0x00000000e5000000| Untracked 
|  81|0x00000000e5100000, 0x00000000e5200000, 0x00000000e5200000|100%| O|  |TAMS 0x00000000e5100000, 0x00000000e5100000| Untracked 
|  82|0x00000000e5200000, 0x00000000e5300000, 0x00000000e5300000|100%| O|  |TAMS 0x00000000e5200000, 0x00000000e5200000| Untracked 
|  83|0x00000000e5300000, 0x00000000e5400000, 0x00000000e5400000|100%| O|  |TAMS 0x00000000e5300000, 0x00000000e5300000| Untracked 
|  84|0x00000000e5400000, 0x00000000e5500000, 0x00000000e5500000|100%| O|  |TAMS 0x00000000e5400000, 0x00000000e5400000| Untracked 
|  85|0x00000000e5500000, 0x00000000e5600000, 0x00000000e5600000|100%| O|  |TAMS 0x00000000e5500000, 0x00000000e5500000| Untracked 
|  86|0x00000000e5600000, 0x00000000e5700000, 0x00000000e5700000|100%| O|  |TAMS 0x00000000e5600000, 0x00000000e5600000| Untracked 
|  87|0x00000000e5700000, 0x00000000e5800000, 0x00000000e5800000|100%| O|  |TAMS 0x00000000e5700000, 0x00000000e5700000| Untracked 
|  88|0x00000000e5800000, 0x00000000e5900000, 0x00000000e5900000|100%| O|  |TAMS 0x00000000e5800000, 0x00000000e5800000| Untracked 
|  89|0x00000000e5900000, 0x00000000e5a00000, 0x00000000e5a00000|100%| O|  |TAMS 0x00000000e5900000, 0x00000000e5900000| Untracked 
|  90|0x00000000e5a00000, 0x00000000e5ae8400, 0x00000000e5b00000| 90%| O|  |TAMS 0x00000000e5a00000, 0x00000000e5a00000| Untracked 
|  91|0x00000000e5b00000, 0x00000000e5b00000, 0x00000000e5c00000|  0%| F|  |TAMS 0x00000000e5b00000, 0x00000000e5b00000| Untracked 
|  92|0x00000000e5c00000, 0x00000000e5c00000, 0x00000000e5d00000|  0%| F|  |TAMS 0x00000000e5c00000, 0x00000000e5c00000| Untracked 
|  93|0x00000000e5d00000, 0x00000000e5d00000, 0x00000000e5e00000|  0%| F|  |TAMS 0x00000000e5d00000, 0x00000000e5d00000| Untracked 
|  94|0x00000000e5e00000, 0x00000000e5e00000, 0x00000000e5f00000|  0%| F|  |TAMS 0x00000000e5e00000, 0x00000000e5e00000| Untracked 
|  95|0x00000000e5f00000, 0x00000000e5f00000, 0x00000000e6000000|  0%| F|  |TAMS 0x00000000e5f00000, 0x00000000e5f00000| Untracked 
|  96|0x00000000e6000000, 0x00000000e6000000, 0x00000000e6100000|  0%| F|  |TAMS 0x00000000e6000000, 0x00000000e6000000| Untracked 
|  97|0x00000000e6100000, 0x00000000e6100000, 0x00000000e6200000|  0%| F|  |TAMS 0x00000000e6100000, 0x00000000e6100000| Untracked 
|  98|0x00000000e6200000, 0x00000000e6200000, 0x00000000e6300000|  0%| F|  |TAMS 0x00000000e6200000, 0x00000000e6200000| Untracked 
|  99|0x00000000e6300000, 0x00000000e6300000, 0x00000000e6400000|  0%| F|  |TAMS 0x00000000e6300000, 0x00000000e6300000| Untracked 
| 100|0x00000000e6400000, 0x00000000e6400000, 0x00000000e6500000|  0%| F|  |TAMS 0x00000000e6400000, 0x00000000e6400000| Untracked 
| 101|0x00000000e6500000, 0x00000000e6500000, 0x00000000e6600000|  0%| F|  |TAMS 0x00000000e6500000, 0x00000000e6500000| Untracked 
| 102|0x00000000e6600000, 0x00000000e6600000, 0x00000000e6700000|  0%| F|  |TAMS 0x00000000e6600000, 0x00000000e6600000| Untracked 
| 103|0x00000000e6700000, 0x00000000e6700000, 0x00000000e6800000|  0%| F|  |TAMS 0x00000000e6700000, 0x00000000e6700000| Untracked 
| 104|0x00000000e6800000, 0x00000000e6800000, 0x00000000e6900000|  0%| F|  |TAMS 0x00000000e6800000, 0x00000000e6800000| Untracked 
| 105|0x00000000e6900000, 0x00000000e6900000, 0x00000000e6a00000|  0%| F|  |TAMS 0x00000000e6900000, 0x00000000e6900000| Untracked 
| 106|0x00000000e6a00000, 0x00000000e6a00000, 0x00000000e6b00000|  0%| F|  |TAMS 0x00000000e6a00000, 0x00000000e6a00000| Untracked 
| 107|0x00000000e6b00000, 0x00000000e6b00000, 0x00000000e6c00000|  0%| F|  |TAMS 0x00000000e6b00000, 0x00000000e6b00000| Untracked 
| 108|0x00000000e6c00000, 0x00000000e6c00000, 0x00000000e6d00000|  0%| F|  |TAMS 0x00000000e6c00000, 0x00000000e6c00000| Untracked 
| 109|0x00000000e6d00000, 0x00000000e6d00000, 0x00000000e6e00000|  0%| F|  |TAMS 0x00000000e6d00000, 0x00000000e6d00000| Untracked 
| 110|0x00000000e6e00000, 0x00000000e6e00000, 0x00000000e6f00000|  0%| F|  |TAMS 0x00000000e6e00000, 0x00000000e6e00000| Untracked 
| 111|0x00000000e6f00000, 0x00000000e6f00000, 0x00000000e7000000|  0%| F|  |TAMS 0x00000000e6f00000, 0x00000000e6f00000| Untracked 
| 112|0x00000000e7000000, 0x00000000e7000000, 0x00000000e7100000|  0%| F|  |TAMS 0x00000000e7000000, 0x00000000e7000000| Untracked 
| 113|0x00000000e7100000, 0x00000000e7100000, 0x00000000e7200000|  0%| F|  |TAMS 0x00000000e7100000, 0x00000000e7100000| Untracked 
| 114|0x00000000e7200000, 0x00000000e7200000, 0x00000000e7300000|  0%| F|  |TAMS 0x00000000e7200000, 0x00000000e7200000| Untracked 
| 115|0x00000000e7300000, 0x00000000e7300000, 0x00000000e7400000|  0%| F|  |TAMS 0x00000000e7300000, 0x00000000e7300000| Untracked 
| 116|0x00000000e7400000, 0x00000000e7400000, 0x00000000e7500000|  0%| F|  |TAMS 0x00000000e7400000, 0x00000000e7400000| Untracked 
| 117|0x00000000e7500000, 0x00000000e7500000, 0x00000000e7600000|  0%| F|  |TAMS 0x00000000e7500000, 0x00000000e7500000| Untracked 
| 118|0x00000000e7600000, 0x00000000e7600000, 0x00000000e7700000|  0%| F|  |TAMS 0x00000000e7600000, 0x00000000e7600000| Untracked 
| 119|0x00000000e7700000, 0x00000000e7700000, 0x00000000e7800000|  0%| F|  |TAMS 0x00000000e7700000, 0x00000000e7700000| Untracked 
| 120|0x00000000e7800000, 0x00000000e7800000, 0x00000000e7900000|  0%| F|  |TAMS 0x00000000e7800000, 0x00000000e7800000| Untracked 
| 121|0x00000000e7900000, 0x00000000e7900000, 0x00000000e7a00000|  0%| F|  |TAMS 0x00000000e7900000, 0x00000000e7900000| Untracked 
| 122|0x00000000e7a00000, 0x00000000e7a00000, 0x00000000e7b00000|  0%| F|  |TAMS 0x00000000e7a00000, 0x00000000e7a00000| Untracked 
| 123|0x00000000e7b00000, 0x00000000e7b00000, 0x00000000e7c00000|  0%| F|  |TAMS 0x00000000e7b00000, 0x00000000e7b00000| Untracked 
| 124|0x00000000e7c00000, 0x00000000e7c00000, 0x00000000e7d00000|  0%| F|  |TAMS 0x00000000e7c00000, 0x00000000e7c00000| Untracked 
| 125|0x00000000e7d00000, 0x00000000e7d00000, 0x00000000e7e00000|  0%| F|  |TAMS 0x00000000e7d00000, 0x00000000e7d00000| Untracked 
| 126|0x00000000e7e00000, 0x00000000e7e00000, 0x00000000e7f00000|  0%| F|  |TAMS 0x00000000e7e00000, 0x00000000e7e00000| Untracked 
| 127|0x00000000e7f00000, 0x00000000e7f00000, 0x00000000e8000000|  0%| F|  |TAMS 0x00000000e7f00000, 0x00000000e7f00000| Untracked 
| 128|0x00000000e8000000, 0x00000000e8000000, 0x00000000e8100000|  0%| F|  |TAMS 0x00000000e8000000, 0x00000000e8000000| Untracked 
| 129|0x00000000e8100000, 0x00000000e8100000, 0x00000000e8200000|  0%| F|  |TAMS 0x00000000e8100000, 0x00000000e8100000| Untracked 
| 130|0x00000000e8200000, 0x00000000e8200000, 0x00000000e8300000|  0%| F|  |TAMS 0x00000000e8200000, 0x00000000e8200000| Untracked 
| 131|0x00000000e8300000, 0x00000000e8300000, 0x00000000e8400000|  0%| F|  |TAMS 0x00000000e8300000, 0x00000000e8300000| Untracked 
| 132|0x00000000e8400000, 0x00000000e8400000, 0x00000000e8500000|  0%| F|  |TAMS 0x00000000e8400000, 0x00000000e8400000| Untracked 
| 133|0x00000000e8500000, 0x00000000e8500000, 0x00000000e8600000|  0%| F|  |TAMS 0x00000000e8500000, 0x00000000e8500000| Untracked 
| 134|0x00000000e8600000, 0x00000000e8600000, 0x00000000e8700000|  0%| F|  |TAMS 0x00000000e8600000, 0x00000000e8600000| Untracked 
| 135|0x00000000e8700000, 0x00000000e8700000, 0x00000000e8800000|  0%| F|  |TAMS 0x00000000e8700000, 0x00000000e8700000| Untracked 
| 136|0x00000000e8800000, 0x00000000e8800000, 0x00000000e8900000|  0%| F|  |TAMS 0x00000000e8800000, 0x00000000e8800000| Untracked 
| 137|0x00000000e8900000, 0x00000000e8900000, 0x00000000e8a00000|  0%| F|  |TAMS 0x00000000e8900000, 0x00000000e8900000| Untracked 
| 138|0x00000000e8a00000, 0x00000000e8a00000, 0x00000000e8b00000|  0%| F|  |TAMS 0x00000000e8a00000, 0x00000000e8a00000| Untracked 
| 139|0x00000000e8b00000, 0x00000000e8b00000, 0x00000000e8c00000|  0%| F|  |TAMS 0x00000000e8b00000, 0x00000000e8b00000| Untracked 
| 140|0x00000000e8c00000, 0x00000000e8c00000, 0x00000000e8d00000|  0%| F|  |TAMS 0x00000000e8c00000, 0x00000000e8c00000| Untracked 
| 141|0x00000000e8d00000, 0x00000000e8d00000, 0x00000000e8e00000|  0%| F|  |TAMS 0x00000000e8d00000, 0x00000000e8d00000| Untracked 
| 142|0x00000000e8e00000, 0x00000000e8e00000, 0x00000000e8f00000|  0%| F|  |TAMS 0x00000000e8e00000, 0x00000000e8e00000| Untracked 
| 143|0x00000000e8f00000, 0x00000000e8f00000, 0x00000000e9000000|  0%| F|  |TAMS 0x00000000e8f00000, 0x00000000e8f00000| Untracked 
| 144|0x00000000e9000000, 0x00000000e9000000, 0x00000000e9100000|  0%| F|  |TAMS 0x00000000e9000000, 0x00000000e9000000| Untracked 
| 145|0x00000000e9100000, 0x00000000e9100000, 0x00000000e9200000|  0%| F|  |TAMS 0x00000000e9100000, 0x00000000e9100000| Untracked 
| 146|0x00000000e9200000, 0x00000000e9200000, 0x00000000e9300000|  0%| F|  |TAMS 0x00000000e9200000, 0x00000000e9200000| Untracked 
| 147|0x00000000e9300000, 0x00000000e9300000, 0x00000000e9400000|  0%| F|  |TAMS 0x00000000e9300000, 0x00000000e9300000| Untracked 
| 148|0x00000000e9400000, 0x00000000e9400000, 0x00000000e9500000|  0%| F|  |TAMS 0x00000000e9400000, 0x00000000e9400000| Untracked 
| 149|0x00000000e9500000, 0x00000000e9500000, 0x00000000e9600000|  0%| F|  |TAMS 0x00000000e9500000, 0x00000000e9500000| Untracked 
| 150|0x00000000e9600000, 0x00000000e9600000, 0x00000000e9700000|  0%| F|  |TAMS 0x00000000e9600000, 0x00000000e9600000| Untracked 
| 151|0x00000000e9700000, 0x00000000e9700000, 0x00000000e9800000|  0%| F|  |TAMS 0x00000000e9700000, 0x00000000e9700000| Untracked 
| 152|0x00000000e9800000, 0x00000000e9829360, 0x00000000e9900000| 16%| S|CS|TAMS 0x00000000e9800000, 0x00000000e9800000| Complete 
| 153|0x00000000e9900000, 0x00000000e9a00000, 0x00000000e9a00000|100%| S|CS|TAMS 0x00000000e9900000, 0x00000000e9900000| Complete 
| 154|0x00000000e9a00000, 0x00000000e9b00000, 0x00000000e9b00000|100%| S|CS|TAMS 0x00000000e9a00000, 0x00000000e9a00000| Complete 
| 155|0x00000000e9b00000, 0x00000000e9b00000, 0x00000000e9c00000|  0%| F|  |TAMS 0x00000000e9b00000, 0x00000000e9b00000| Untracked 
| 156|0x00000000e9c00000, 0x00000000e9c00000, 0x00000000e9d00000|  0%| F|  |TAMS 0x00000000e9c00000, 0x00000000e9c00000| Untracked 
| 157|0x00000000e9d00000, 0x00000000e9d00000, 0x00000000e9e00000|  0%| F|  |TAMS 0x00000000e9d00000, 0x00000000e9d00000| Untracked 
| 158|0x00000000e9e00000, 0x00000000e9e00000, 0x00000000e9f00000|  0%| F|  |TAMS 0x00000000e9e00000, 0x00000000e9e00000| Untracked 
| 159|0x00000000e9f00000, 0x00000000e9f00000, 0x00000000ea000000|  0%| F|  |TAMS 0x00000000e9f00000, 0x00000000e9f00000| Untracked 
| 160|0x00000000ea000000, 0x00000000ea000000, 0x00000000ea100000|  0%| F|  |TAMS 0x00000000ea000000, 0x00000000ea000000| Untracked 
| 161|0x00000000ea100000, 0x00000000ea100000, 0x00000000ea200000|  0%| F|  |TAMS 0x00000000ea100000, 0x00000000ea100000| Untracked 
| 162|0x00000000ea200000, 0x00000000ea200000, 0x00000000ea300000|  0%| F|  |TAMS 0x00000000ea200000, 0x00000000ea200000| Untracked 
| 163|0x00000000ea300000, 0x00000000ea300000, 0x00000000ea400000|  0%| F|  |TAMS 0x00000000ea300000, 0x00000000ea300000| Untracked 
| 164|0x00000000ea400000, 0x00000000ea400000, 0x00000000ea500000|  0%| F|  |TAMS 0x00000000ea400000, 0x00000000ea400000| Untracked 
| 165|0x00000000ea500000, 0x00000000ea500000, 0x00000000ea600000|  0%| F|  |TAMS 0x00000000ea500000, 0x00000000ea500000| Untracked 
| 166|0x00000000ea600000, 0x00000000ea600000, 0x00000000ea700000|  0%| F|  |TAMS 0x00000000ea600000, 0x00000000ea600000| Untracked 
| 167|0x00000000ea700000, 0x00000000ea700000, 0x00000000ea800000|  0%| F|  |TAMS 0x00000000ea700000, 0x00000000ea700000| Untracked 
| 168|0x00000000ea800000, 0x00000000ea800000, 0x00000000ea900000|  0%| F|  |TAMS 0x00000000ea800000, 0x00000000ea800000| Untracked 
| 169|0x00000000ea900000, 0x00000000ea900000, 0x00000000eaa00000|  0%| F|  |TAMS 0x00000000ea900000, 0x00000000ea900000| Untracked 
| 170|0x00000000eaa00000, 0x00000000eaa00000, 0x00000000eab00000|  0%| F|  |TAMS 0x00000000eaa00000, 0x00000000eaa00000| Untracked 
| 171|0x00000000eab00000, 0x00000000eab00000, 0x00000000eac00000|  0%| F|  |TAMS 0x00000000eab00000, 0x00000000eab00000| Untracked 
| 172|0x00000000eac00000, 0x00000000eac00000, 0x00000000ead00000|  0%| F|  |TAMS 0x00000000eac00000, 0x00000000eac00000| Untracked 
| 173|0x00000000ead00000, 0x00000000ead00000, 0x00000000eae00000|  0%| F|  |TAMS 0x00000000ead00000, 0x00000000ead00000| Untracked 
| 174|0x00000000eae00000, 0x00000000eae00000, 0x00000000eaf00000|  0%| F|  |TAMS 0x00000000eae00000, 0x00000000eae00000| Untracked 
| 175|0x00000000eaf00000, 0x00000000eaf00000, 0x00000000eb000000|  0%| F|  |TAMS 0x00000000eaf00000, 0x00000000eaf00000| Untracked 
| 176|0x00000000eb000000, 0x00000000eb000000, 0x00000000eb100000|  0%| F|  |TAMS 0x00000000eb000000, 0x00000000eb000000| Untracked 
| 177|0x00000000eb100000, 0x00000000eb100000, 0x00000000eb200000|  0%| F|  |TAMS 0x00000000eb100000, 0x00000000eb100000| Untracked 
| 178|0x00000000eb200000, 0x00000000eb200000, 0x00000000eb300000|  0%| F|  |TAMS 0x00000000eb200000, 0x00000000eb200000| Untracked 
| 179|0x00000000eb300000, 0x00000000eb300000, 0x00000000eb400000|  0%| F|  |TAMS 0x00000000eb300000, 0x00000000eb300000| Untracked 
| 180|0x00000000eb400000, 0x00000000eb400000, 0x00000000eb500000|  0%| F|  |TAMS 0x00000000eb400000, 0x00000000eb400000| Untracked 
| 181|0x00000000eb500000, 0x00000000eb500000, 0x00000000eb600000|  0%| F|  |TAMS 0x00000000eb500000, 0x00000000eb500000| Untracked 
| 182|0x00000000eb600000, 0x00000000eb600000, 0x00000000eb700000|  0%| F|  |TAMS 0x00000000eb600000, 0x00000000eb600000| Untracked 
| 183|0x00000000eb700000, 0x00000000eb700000, 0x00000000eb800000|  0%| F|  |TAMS 0x00000000eb700000, 0x00000000eb700000| Untracked 
| 184|0x00000000eb800000, 0x00000000eb800000, 0x00000000eb900000|  0%| F|  |TAMS 0x00000000eb800000, 0x00000000eb800000| Untracked 
| 185|0x00000000eb900000, 0x00000000eb900000, 0x00000000eba00000|  0%| F|  |TAMS 0x00000000eb900000, 0x00000000eb900000| Untracked 
| 186|0x00000000eba00000, 0x00000000eba00000, 0x00000000ebb00000|  0%| F|  |TAMS 0x00000000eba00000, 0x00000000eba00000| Untracked 
| 187|0x00000000ebb00000, 0x00000000ebb00000, 0x00000000ebc00000|  0%| F|  |TAMS 0x00000000ebb00000, 0x00000000ebb00000| Untracked 
| 188|0x00000000ebc00000, 0x00000000ebc00000, 0x00000000ebd00000|  0%| F|  |TAMS 0x00000000ebc00000, 0x00000000ebc00000| Untracked 
| 189|0x00000000ebd00000, 0x00000000ebd00000, 0x00000000ebe00000|  0%| F|  |TAMS 0x00000000ebd00000, 0x00000000ebd00000| Untracked 
| 190|0x00000000ebe00000, 0x00000000ebe00000, 0x00000000ebf00000|  0%| F|  |TAMS 0x00000000ebe00000, 0x00000000ebe00000| Untracked 
| 191|0x00000000ebf00000, 0x00000000ebf00000, 0x00000000ec000000|  0%| F|  |TAMS 0x00000000ebf00000, 0x00000000ebf00000| Untracked 
| 192|0x00000000ec000000, 0x00000000ec000000, 0x00000000ec100000|  0%| F|  |TAMS 0x00000000ec000000, 0x00000000ec000000| Untracked 
| 193|0x00000000ec100000, 0x00000000ec100000, 0x00000000ec200000|  0%| F|  |TAMS 0x00000000ec100000, 0x00000000ec100000| Untracked 
| 194|0x00000000ec200000, 0x00000000ec200000, 0x00000000ec300000|  0%| F|  |TAMS 0x00000000ec200000, 0x00000000ec200000| Untracked 
| 195|0x00000000ec300000, 0x00000000ec300000, 0x00000000ec400000|  0%| F|  |TAMS 0x00000000ec300000, 0x00000000ec300000| Untracked 
| 196|0x00000000ec400000, 0x00000000ec400000, 0x00000000ec500000|  0%| F|  |TAMS 0x00000000ec400000, 0x00000000ec400000| Untracked 
| 197|0x00000000ec500000, 0x00000000ec500000, 0x00000000ec600000|  0%| F|  |TAMS 0x00000000ec500000, 0x00000000ec500000| Untracked 
| 198|0x00000000ec600000, 0x00000000ec600000, 0x00000000ec700000|  0%| F|  |TAMS 0x00000000ec600000, 0x00000000ec600000| Untracked 
| 199|0x00000000ec700000, 0x00000000ec700000, 0x00000000ec800000|  0%| F|  |TAMS 0x00000000ec700000, 0x00000000ec700000| Untracked 
| 200|0x00000000ec800000, 0x00000000ec800000, 0x00000000ec900000|  0%| F|  |TAMS 0x00000000ec800000, 0x00000000ec800000| Untracked 
| 201|0x00000000ec900000, 0x00000000ec900000, 0x00000000eca00000|  0%| F|  |TAMS 0x00000000ec900000, 0x00000000ec900000| Untracked 
| 202|0x00000000eca00000, 0x00000000eca00000, 0x00000000ecb00000|  0%| F|  |TAMS 0x00000000eca00000, 0x00000000eca00000| Untracked 
| 203|0x00000000ecb00000, 0x00000000ecb00000, 0x00000000ecc00000|  0%| F|  |TAMS 0x00000000ecb00000, 0x00000000ecb00000| Untracked 
| 204|0x00000000ecc00000, 0x00000000ecc00000, 0x00000000ecd00000|  0%| F|  |TAMS 0x00000000ecc00000, 0x00000000ecc00000| Untracked 
| 205|0x00000000ecd00000, 0x00000000ecd00000, 0x00000000ece00000|  0%| F|  |TAMS 0x00000000ecd00000, 0x00000000ecd00000| Untracked 
| 206|0x00000000ece00000, 0x00000000ece00000, 0x00000000ecf00000|  0%| F|  |TAMS 0x00000000ece00000, 0x00000000ece00000| Untracked 
| 207|0x00000000ecf00000, 0x00000000ecf00000, 0x00000000ed000000|  0%| F|  |TAMS 0x00000000ecf00000, 0x00000000ecf00000| Untracked 
| 208|0x00000000ed000000, 0x00000000ed000000, 0x00000000ed100000|  0%| F|  |TAMS 0x00000000ed000000, 0x00000000ed000000| Untracked 
| 209|0x00000000ed100000, 0x00000000ed100000, 0x00000000ed200000|  0%| F|  |TAMS 0x00000000ed100000, 0x00000000ed100000| Untracked 
| 210|0x00000000ed200000, 0x00000000ed200000, 0x00000000ed300000|  0%| F|  |TAMS 0x00000000ed200000, 0x00000000ed200000| Untracked 
| 211|0x00000000ed300000, 0x00000000ed300000, 0x00000000ed400000|  0%| F|  |TAMS 0x00000000ed300000, 0x00000000ed300000| Untracked 
| 212|0x00000000ed400000, 0x00000000ed400000, 0x00000000ed500000|  0%| F|  |TAMS 0x00000000ed400000, 0x00000000ed400000| Untracked 
| 213|0x00000000ed500000, 0x00000000ed500000, 0x00000000ed600000|  0%| F|  |TAMS 0x00000000ed500000, 0x00000000ed500000| Untracked 
| 214|0x00000000ed600000, 0x00000000ed600000, 0x00000000ed700000|  0%| F|  |TAMS 0x00000000ed600000, 0x00000000ed600000| Untracked 
| 215|0x00000000ed700000, 0x00000000ed700000, 0x00000000ed800000|  0%| F|  |TAMS 0x00000000ed700000, 0x00000000ed700000| Untracked 
| 216|0x00000000ed800000, 0x00000000ed800000, 0x00000000ed900000|  0%| F|  |TAMS 0x00000000ed800000, 0x00000000ed800000| Untracked 
| 217|0x00000000ed900000, 0x00000000ed900000, 0x00000000eda00000|  0%| F|  |TAMS 0x00000000ed900000, 0x00000000ed900000| Untracked 
| 218|0x00000000eda00000, 0x00000000eda00000, 0x00000000edb00000|  0%| F|  |TAMS 0x00000000eda00000, 0x00000000eda00000| Untracked 
| 219|0x00000000edb00000, 0x00000000edb00000, 0x00000000edc00000|  0%| F|  |TAMS 0x00000000edb00000, 0x00000000edb00000| Untracked 
| 220|0x00000000edc00000, 0x00000000edc00000, 0x00000000edd00000|  0%| F|  |TAMS 0x00000000edc00000, 0x00000000edc00000| Untracked 
| 221|0x00000000edd00000, 0x00000000edd00000, 0x00000000ede00000|  0%| F|  |TAMS 0x00000000edd00000, 0x00000000edd00000| Untracked 
| 222|0x00000000ede00000, 0x00000000ede00000, 0x00000000edf00000|  0%| F|  |TAMS 0x00000000ede00000, 0x00000000ede00000| Untracked 
| 223|0x00000000edf00000, 0x00000000edf00000, 0x00000000ee000000|  0%| F|  |TAMS 0x00000000edf00000, 0x00000000edf00000| Untracked 
| 224|0x00000000ee000000, 0x00000000ee000000, 0x00000000ee100000|  0%| F|  |TAMS 0x00000000ee000000, 0x00000000ee000000| Untracked 
| 225|0x00000000ee100000, 0x00000000ee100000, 0x00000000ee200000|  0%| F|  |TAMS 0x00000000ee100000, 0x00000000ee100000| Untracked 
| 226|0x00000000ee200000, 0x00000000ee200000, 0x00000000ee300000|  0%| F|  |TAMS 0x00000000ee200000, 0x00000000ee200000| Untracked 
| 227|0x00000000ee300000, 0x00000000ee300000, 0x00000000ee400000|  0%| F|  |TAMS 0x00000000ee300000, 0x00000000ee300000| Untracked 
| 228|0x00000000ee400000, 0x00000000ee400000, 0x00000000ee500000|  0%| F|  |TAMS 0x00000000ee400000, 0x00000000ee400000| Untracked 
| 229|0x00000000ee500000, 0x00000000ee500000, 0x00000000ee600000|  0%| F|  |TAMS 0x00000000ee500000, 0x00000000ee500000| Untracked 
| 230|0x00000000ee600000, 0x00000000ee600000, 0x00000000ee700000|  0%| F|  |TAMS 0x00000000ee600000, 0x00000000ee600000| Untracked 
| 231|0x00000000ee700000, 0x00000000ee700000, 0x00000000ee800000|  0%| F|  |TAMS 0x00000000ee700000, 0x00000000ee700000| Untracked 
| 232|0x00000000ee800000, 0x00000000ee800000, 0x00000000ee900000|  0%| F|  |TAMS 0x00000000ee800000, 0x00000000ee800000| Untracked 
| 233|0x00000000ee900000, 0x00000000ee900000, 0x00000000eea00000|  0%| F|  |TAMS 0x00000000ee900000, 0x00000000ee900000| Untracked 
| 234|0x00000000eea00000, 0x00000000eea00000, 0x00000000eeb00000|  0%| F|  |TAMS 0x00000000eea00000, 0x00000000eea00000| Untracked 
| 235|0x00000000eeb00000, 0x00000000eeb00000, 0x00000000eec00000|  0%| F|  |TAMS 0x00000000eeb00000, 0x00000000eeb00000| Untracked 
| 236|0x00000000eec00000, 0x00000000eec00000, 0x00000000eed00000|  0%| F|  |TAMS 0x00000000eec00000, 0x00000000eec00000| Untracked 
| 237|0x00000000eed00000, 0x00000000eed00000, 0x00000000eee00000|  0%| F|  |TAMS 0x00000000eed00000, 0x00000000eed00000| Untracked 
| 238|0x00000000eee00000, 0x00000000eee00000, 0x00000000eef00000|  0%| F|  |TAMS 0x00000000eee00000, 0x00000000eee00000| Untracked 
| 239|0x00000000eef00000, 0x00000000eef00000, 0x00000000ef000000|  0%| F|  |TAMS 0x00000000eef00000, 0x00000000eef00000| Untracked 
| 240|0x00000000ef000000, 0x00000000ef000000, 0x00000000ef100000|  0%| F|  |TAMS 0x00000000ef000000, 0x00000000ef000000| Untracked 
| 241|0x00000000ef100000, 0x00000000ef100000, 0x00000000ef200000|  0%| F|  |TAMS 0x00000000ef100000, 0x00000000ef100000| Untracked 
| 242|0x00000000ef200000, 0x00000000ef200000, 0x00000000ef300000|  0%| F|  |TAMS 0x00000000ef200000, 0x00000000ef200000| Untracked 
| 243|0x00000000ef300000, 0x00000000ef300000, 0x00000000ef400000|  0%| F|  |TAMS 0x00000000ef300000, 0x00000000ef300000| Untracked 
| 244|0x00000000ef400000, 0x00000000ef44fba0, 0x00000000ef500000| 31%| E|  |TAMS 0x00000000ef400000, 0x00000000ef400000| Complete 
| 245|0x00000000ef500000, 0x00000000ef600000, 0x00000000ef600000|100%| E|CS|TAMS 0x00000000ef500000, 0x00000000ef500000| Complete 
| 246|0x00000000ef600000, 0x00000000ef700000, 0x00000000ef700000|100%| E|CS|TAMS 0x00000000ef600000, 0x00000000ef600000| Complete 
| 247|0x00000000ef700000, 0x00000000ef800000, 0x00000000ef800000|100%| E|CS|TAMS 0x00000000ef700000, 0x00000000ef700000| Complete 
| 248|0x00000000ef800000, 0x00000000ef900000, 0x00000000ef900000|100%| E|CS|TAMS 0x00000000ef800000, 0x00000000ef800000| Complete 
| 249|0x00000000ef900000, 0x00000000efa00000, 0x00000000efa00000|100%| E|CS|TAMS 0x00000000ef900000, 0x00000000ef900000| Complete 
| 250|0x00000000efa00000, 0x00000000efb00000, 0x00000000efb00000|100%| E|CS|TAMS 0x00000000efa00000, 0x00000000efa00000| Complete 
| 251|0x00000000efb00000, 0x00000000efc00000, 0x00000000efc00000|100%| E|CS|TAMS 0x00000000efb00000, 0x00000000efb00000| Complete 
| 252|0x00000000efc00000, 0x00000000efd00000, 0x00000000efd00000|100%| E|CS|TAMS 0x00000000efc00000, 0x00000000efc00000| Complete 
| 253|0x00000000efd00000, 0x00000000efe00000, 0x00000000efe00000|100%| E|CS|TAMS 0x00000000efd00000, 0x00000000efd00000| Complete 
| 254|0x00000000efe00000, 0x00000000eff00000, 0x00000000eff00000|100%| E|CS|TAMS 0x00000000efe00000, 0x00000000efe00000| Complete 
| 255|0x00000000eff00000, 0x00000000f0000000, 0x00000000f0000000|100%| E|CS|TAMS 0x00000000eff00000, 0x00000000eff00000| Complete 

Card table byte_map: [0x000002237d8b0000,0x000002237d9b0000] _byte_map_base: 0x000002237d1b0000

Marking Bits (Prev, Next): (CMBitMap*) 0x000002237d3db070, (CMBitMap*) 0x000002237d3db038
 Prev Bits: [0x000002237e2b0000, 0x000002237eab0000)
 Next Bits: [0x000002237dab0000, 0x000002237e2b0000)

Polling page: 0x000002237b240000

Metaspace:

Usage:
  Non-class:     67.53 MB capacity,    65.30 MB ( 97%) used,     1.88 MB (  3%) free+waste,   356.81 KB ( <1%) overhead. 
      Class:     10.97 MB capacity,     9.72 MB ( 89%) used,     1.08 MB ( 10%) free+waste,   170.56 KB (  2%) overhead. 
       Both:     78.50 MB capacity,    75.03 MB ( 96%) used,     2.96 MB (  4%) free+waste,   527.38 KB ( <1%) overhead. 

Virtual space:
  Non-class space:       68.00 MB reserved,      67.66 MB (>99%) committed 
      Class space:      376.00 MB reserved,      11.00 MB (  3%) committed 
             Both:      444.00 MB reserved,      78.66 MB ( 18%) committed 

Chunk freelists:
   Non-Class:  0 bytes
       Class:  0 bytes
        Both:  0 bytes

MaxMetaspaceSize: 384.00 MB
CompressedClassSpaceSize: 376.00 MB
Initial GC threshold: 20.80 MB
Current GC threshold: 97.55 MB
CDS: off

CodeHeap 'non-profiled nmethods': size=120000Kb used=7736Kb max_used=7736Kb free=112264Kb
 bounds [0x00000223101c0000, 0x0000022310950000, 0x00000223176f0000]
CodeHeap 'profiled nmethods': size=120000Kb used=25460Kb max_used=25460Kb free=94540Kb
 bounds [0x0000022308c90000, 0x000002230a570000, 0x00000223101c0000]
CodeHeap 'non-nmethods': size=5760Kb used=2352Kb max_used=2430Kb free=3407Kb
 bounds [0x00000223086f0000, 0x0000022308960000, 0x0000022308c90000]
 total_blobs=12312 nmethods=11456 adapters=767
 compilation: disabled (not enough contiguous free space left)
              stopped_count=1, restarted_count=0
 full_count=1

Compilation events (20 events):
Event: 117.245 Thread 0x0000022319759800 nmethod 11511 0x000002230a547a90 code [0x000002230a547c80, 0x000002230a548038]
Event: 117.245 Thread 0x0000022319759800 11512       3       java.lang.Math::multiplyExact (74 bytes)
Event: 117.245 Thread 0x0000022319759800 nmethod 11512 0x000002230a548210 code [0x000002230a548400, 0x000002230a548908]
Event: 117.248 Thread 0x0000022319756000 11513       4       org.gradle.internal.lazy.Lazy::locking (6 bytes)
Event: 117.248 Thread 0x0000022319759800 11515       3       org.gradle.internal.model.CalculatedValueContainer::<init> (26 bytes)
Event: 117.248 Thread 0x0000022319756000 nmethod 11513 0x000002231094c990 code [0x000002231094cb20, 0x000002231094cb78]
Event: 117.248 Thread 0x0000022319759800 nmethod 11515 0x000002230a548a90 code [0x000002230a548c60, 0x000002230a548f28]
Event: 117.248 Thread 0x0000022319756000 11514       4       org.gradle.internal.component.external.model.AbstractLazyModuleComponentResolveMetadata::getModuleVersionId (5 bytes)
Event: 117.249 Thread 0x0000022319756000 nmethod 11514 0x000002231094cc90 code [0x000002231094ce20, 0x000002231094ce98]
Event: 117.261 Thread 0x0000022319759800 11516       3       org.gradle.cache.internal.DefaultFileLockManager$DefaultFileLock::assertOpenAndIntegral (41 bytes)
Event: 117.262 Thread 0x0000022319759800 nmethod 11516 0x000002230a549090 code [0x000002230a549360, 0x000002230a54a0e8]
Event: 117.271 Thread 0x0000022319759800 11517       3       org.gradle.api.internal.artifacts.ivyservice.resolveengine.ComponentResolversChain$DependencyToComponentIdResolverChain::resolve (58 bytes)
Event: 117.272 Thread 0x0000022319759800 nmethod 11517 0x000002230a54a590 code [0x000002230a54a780, 0x000002230a54ab58]
Event: 117.272 Thread 0x0000022319759800 11518       3       org.gradle.api.internal.artifacts.ivyservice.projectmodule.ProjectDependencyResolver::resolve (131 bytes)
Event: 117.273 Thread 0x0000022319759800 nmethod 11518 0x000002230a54ad10 code [0x000002230a54b020, 0x000002230a54c2f8]
Event: 117.273 Thread 0x0000022319759800 11519       3       org.gradle.api.internal.artifacts.ivyservice.ivyresolve.RepositoryChainDependencyToComponentIdResolver::resolve (131 bytes)
Event: 117.274 Thread 0x0000022319759800 nmethod 11519 0x000002230a54c910 code [0x000002230a54cba0, 0x000002230a54d7d8]
Event: 117.274 Thread 0x0000022319759800 11520       3       org.gradle.internal.resolve.result.DefaultBuildableComponentIdResolveResult::resolved (15 bytes)
Event: 117.275 Thread 0x0000022319759800 nmethod 11520 0x000002230a54dc90 code [0x000002230a54de60, 0x000002230a54e138]
Event: 117.275 Thread 0x0000022319756000 11521       4       org.gradle.api.internal.artifacts.ivyservice.modulecache.ModuleMetadataSerializer$Reader::readCount (10 bytes)

GC Heap History (20 events):
Event: 5.735 GC heap before
{Heap before GC invocations=4 (full 0):
 garbage-first heap   total 262144K, used 117462K [0x00000000e0000000, 0x0000000100000000)
  region size 1024K, 97 young (99328K), 2 survivors (2048K)
 Metaspace       used 31572K, capacity 32341K, committed 32640K, reserved 413696K
  class space    used 4143K, capacity 4414K, committed 4480K, reserved 385024K
}
Event: 5.739 GC heap after
{Heap after GC invocations=5 (full 0):
 garbage-first heap   total 262144K, used 23036K [0x00000000e0000000, 0x0000000100000000)
  region size 1024K, 5 young (5120K), 5 survivors (5120K)
 Metaspace       used 31572K, capacity 32341K, committed 32640K, reserved 413696K
  class space    used 4143K, capacity 4414K, committed 4480K, reserved 385024K
}
Event: 6.187 GC heap before
{Heap before GC invocations=5 (full 0):
 garbage-first heap   total 262144K, used 52732K [0x00000000e0000000, 0x0000000100000000)
  region size 1024K, 35 young (35840K), 5 survivors (5120K)
 Metaspace       used 34696K, capacity 35576K, committed 35628K, reserved 415744K
  class space    used 4614K, capacity 4987K, committed 4992K, reserved 385024K
}
Event: 6.196 GC heap after
{Heap after GC invocations=6 (full 0):
 garbage-first heap   total 262144K, used 23914K [0x00000000e0000000, 0x0000000100000000)
  region size 1024K, 5 young (5120K), 5 survivors (5120K)
 Metaspace       used 34696K, capacity 35576K, committed 35628K, reserved 415744K
  class space    used 4614K, capacity 4987K, committed 4992K, reserved 385024K
}
Event: 8.294 GC heap before
{Heap before GC invocations=7 (full 0):
 garbage-first heap   total 262144K, used 156010K [0x00000000e0000000, 0x0000000100000000)
  region size 1024K, 130 young (133120K), 5 survivors (5120K)
 Metaspace       used 47568K, capacity 49119K, committed 49196K, reserved 428032K
  class space    used 6164K, capacity 6771K, committed 6784K, reserved 385024K
}
Event: 8.305 GC heap after
{Heap after GC invocations=8 (full 0):
 garbage-first heap   total 262144K, used 32578K [0x00000000e0000000, 0x0000000100000000)
  region size 1024K, 14 young (14336K), 14 survivors (14336K)
 Metaspace       used 47568K, capacity 49119K, committed 49196K, reserved 428032K
  class space    used 6164K, capacity 6771K, committed 6784K, reserved 385024K
}
Event: 9.855 GC heap before
{Heap before GC invocations=8 (full 0):
 garbage-first heap   total 262144K, used 168770K [0x00000000e0000000, 0x0000000100000000)
  region size 1024K, 146 young (149504K), 14 survivors (14336K)
 Metaspace       used 56230K, capacity 58460K, committed 58668K, reserved 436224K
  class space    used 7447K, capacity 8196K, committed 8320K, reserved 385024K
}
Event: 9.878 GC heap after
{Heap after GC invocations=9 (full 0):
 garbage-first heap   total 262144K, used 39049K [0x00000000e0000000, 0x0000000100000000)
  region size 1024K, 16 young (16384K), 16 survivors (16384K)
 Metaspace       used 56230K, capacity 58460K, committed 58668K, reserved 436224K
  class space    used 7447K, capacity 8196K, committed 8320K, reserved 385024K
}
Event: 10.230 GC heap before
{Heap before GC invocations=9 (full 0):
 garbage-first heap   total 262144K, used 68745K [0x00000000e0000000, 0x0000000100000000)
  region size 1024K, 46 young (47104K), 16 survivors (16384K)
 Metaspace       used 57272K, capacity 59663K, committed 59808K, reserved 438272K
  class space    used 7611K, capacity 8448K, committed 8448K, reserved 385024K
}
Event: 10.259 GC heap after
{Heap after GC invocations=10 (full 0):
 garbage-first heap   total 262144K, used 41845K [0x00000000e0000000, 0x0000000100000000)
  region size 1024K, 10 young (10240K), 10 survivors (10240K)
 Metaspace       used 57272K, capacity 59663K, committed 59808K, reserved 438272K
  class space    used 7611K, capacity 8448K, committed 8448K, reserved 385024K
}
Event: 12.231 GC heap before
{Heap before GC invocations=11 (full 0):
 garbage-first heap   total 262144K, used 173941K [0x00000000e0000000, 0x0000000100000000)
  region size 1024K, 138 young (141312K), 10 survivors (10240K)
 Metaspace       used 62196K, capacity 65036K, committed 65184K, reserved 442368K
  class space    used 8383K, capacity 9453K, committed 9472K, reserved 385024K
}
Event: 12.268 GC heap after
{Heap after GC invocations=12 (full 0):
 garbage-first heap   total 262144K, used 57343K [0x00000000e0000000, 0x0000000100000000)
  region size 1024K, 18 young (18432K), 18 survivors (18432K)
 Metaspace       used 62196K, capacity 65036K, committed 65184K, reserved 442368K
  class space    used 8383K, capacity 9453K, committed 9472K, reserved 385024K
}
Event: 19.617 GC heap before
{Heap before GC invocations=12 (full 0):
 garbage-first heap   total 262144K, used 186367K [0x00000000e0000000, 0x0000000100000000)
  region size 1024K, 139 young (142336K), 18 survivors (18432K)
 Metaspace       used 71686K, capacity 74751K, committed 74912K, reserved 450560K
  class space    used 9491K, capacity 10629K, committed 10752K, reserved 385024K
}
Event: 19.664 GC heap after
{Heap after GC invocations=13 (full 0):
 garbage-first heap   total 262144K, used 72703K [0x00000000e0000000, 0x0000000100000000)
  region size 1024K, 12 young (12288K), 12 survivors (12288K)
 Metaspace       used 71686K, capacity 74751K, committed 74912K, reserved 450560K
  class space    used 9491K, capacity 10629K, committed 10752K, reserved 385024K
}
Event: 62.870 GC heap before
{Heap before GC invocations=13 (full 0):
 garbage-first heap   total 262144K, used 194559K [0x00000000e0000000, 0x0000000100000000)
  region size 1024K, 126 young (129024K), 12 survivors (12288K)
 Metaspace       used 74298K, capacity 77680K, committed 77856K, reserved 452608K
  class space    used 9810K, capacity 11064K, committed 11136K, reserved 385024K
}
Event: 62.898 GC heap after
{Heap after GC invocations=14 (full 0):
 garbage-first heap   total 262144K, used 83314K [0x00000000e0000000, 0x0000000100000000)
  region size 1024K, 16 young (16384K), 16 survivors (16384K)
 Metaspace       used 74298K, capacity 77680K, committed 77856K, reserved 452608K
  class space    used 9810K, capacity 11064K, committed 11136K, reserved 385024K
}
Event: 64.839 GC heap before
{Heap before GC invocations=14 (full 0):
 garbage-first heap   total 262144K, used 200050K [0x00000000e0000000, 0x0000000100000000)
  region size 1024K, 120 young (122880K), 16 survivors (16384K)
 Metaspace       used 74899K, capacity 78360K, committed 78624K, reserved 452608K
  class space    used 9812K, capacity 11067K, committed 11136K, reserved 385024K
}
Event: 64.856 GC heap after
{Heap after GC invocations=15 (full 0):
 garbage-first heap   total 262144K, used 93598K [0x00000000e0000000, 0x0000000100000000)
  region size 1024K, 7 young (7168K), 7 survivors (7168K)
 Metaspace       used 74899K, capacity 78360K, committed 78624K, reserved 452608K
  class space    used 9812K, capacity 11067K, committed 11136K, reserved 385024K
}
Event: 116.949 GC heap before
{Heap before GC invocations=15 (full 0):
 garbage-first heap   total 262144K, used 209310K [0x00000000e0000000, 0x0000000100000000)
  region size 1024K, 108 young (110592K), 7 survivors (7168K)
 Metaspace       used 76162K, capacity 79691K, committed 80032K, reserved 454656K
  class space    used 9880K, capacity 11177K, committed 11264K, reserved 385024K
}
Event: 116.952 GC heap after
{Heap after GC invocations=16 (full 0):
 garbage-first heap   total 262144K, used 84037K [0x00000000e0000000, 0x0000000100000000)
  region size 1024K, 3 young (3072K), 3 survivors (3072K)
 Metaspace       used 76162K, capacity 79691K, committed 80032K, reserved 454656K
  class space    used 9880K, capacity 11177K, committed 11264K, reserved 385024K
}

Deoptimization events (20 events):
Event: 116.989 Thread 0x000002231eff0000 Uncommon trap: trap_request=0xffffffde fr.pc=0x000002231048aa24 relative=0x0000000000000244
Event: 116.989 Thread 0x000002231eff0000 Uncommon trap: reason=class_check action=maybe_recompile pc=0x000002231048aa24 method=org.objectweb.asm.MethodVisitor.visitVarInsn(II)V @ 13 c2
Event: 116.989 Thread 0x000002231eff0000 DEOPT PACKING pc=0x000002231048aa24 sp=0x000000bb37dfde40
Event: 116.989 Thread 0x000002231eff0000 DEOPT UNPACKING pc=0x00000223086f85af sp=0x000000bb37dfdd80 mode 2
Event: 116.989 Thread 0x000002231eff0000 Uncommon trap: trap_request=0xffffffde fr.pc=0x000002231048aa24 relative=0x0000000000000244
Event: 116.989 Thread 0x000002231eff0000 Uncommon trap: reason=class_check action=maybe_recompile pc=0x000002231048aa24 method=org.objectweb.asm.MethodVisitor.visitVarInsn(II)V @ 13 c2
Event: 116.989 Thread 0x000002231eff0000 DEOPT PACKING pc=0x000002231048aa24 sp=0x000000bb37dfde40
Event: 116.989 Thread 0x000002231eff0000 DEOPT UNPACKING pc=0x00000223086f85af sp=0x000000bb37dfdd80 mode 2
Event: 116.989 Thread 0x000002231eff0000 Uncommon trap: trap_request=0xffffffde fr.pc=0x000002231048aa24 relative=0x0000000000000244
Event: 116.989 Thread 0x000002231eff0000 Uncommon trap: reason=class_check action=maybe_recompile pc=0x000002231048aa24 method=org.objectweb.asm.MethodVisitor.visitVarInsn(II)V @ 13 c2
Event: 116.989 Thread 0x000002231eff0000 DEOPT PACKING pc=0x000002231048aa24 sp=0x000000bb37dfde40
Event: 116.989 Thread 0x000002231eff0000 DEOPT UNPACKING pc=0x00000223086f85af sp=0x000000bb37dfdd80 mode 2
Event: 117.012 Thread 0x000002231eff0000 Uncommon trap: trap_request=0xffffff4d fr.pc=0x00000223103ebfb4 relative=0x0000000000000114
Event: 117.012 Thread 0x000002231eff0000 Uncommon trap: reason=unstable_if action=reinterpret pc=0x00000223103ebfb4 method=java.util.zip.CRC32.updateBytesCheck([BII)V @ 1 c2
Event: 117.012 Thread 0x000002231eff0000 DEOPT PACKING pc=0x00000223103ebfb4 sp=0x000000bb37dfe360
Event: 117.012 Thread 0x000002231eff0000 DEOPT UNPACKING pc=0x00000223086f85af sp=0x000000bb37dfe248 mode 2
Event: 117.162 Thread 0x000002231bbc7000 Uncommon trap: trap_request=0xffffff4d fr.pc=0x00000223106893a8 relative=0x0000000000000c48
Event: 117.162 Thread 0x000002231bbc7000 Uncommon trap: reason=unstable_if action=reinterpret pc=0x00000223106893a8 method=java.util.regex.Pattern.escape(ZZZ)I @ 8 c2
Event: 117.162 Thread 0x000002231bbc7000 DEOPT PACKING pc=0x00000223106893a8 sp=0x000000bb362fa070
Event: 117.162 Thread 0x000002231bbc7000 DEOPT UNPACKING pc=0x00000223086f85af sp=0x000000bb362fa010 mode 2

Classes redefined (0 events):
No events

Internal exceptions (20 events):
Event: 116.927 Thread 0x000002231efec000 Exception <a 'sun/nio/fs/WindowsException'{0x00000000e9b1d910}> (0x00000000e9b1d910) thrown at [s\src\hotspot\share\prims\jni.cpp, line 617]
Event: 116.946 Thread 0x000002231efec000 Exception <a 'sun/nio/fs/WindowsException'{0x00000000e9bf3a80}> (0x00000000e9bf3a80) thrown at [s\src\hotspot\share\prims\jni.cpp, line 617]
Event: 116.947 Thread 0x000002231efec000 Exception <a 'sun/nio/fs/WindowsException'{0x00000000e9bf3c90}> (0x00000000e9bf3c90) thrown at [s\src\hotspot\share\prims\jni.cpp, line 617]
Event: 116.964 Thread 0x000002231eff0000 Exception <a 'sun/nio/fs/WindowsException'{0x00000000eff9b9d8}> (0x00000000eff9b9d8) thrown at [s\src\hotspot\share\prims\jni.cpp, line 617]
Event: 116.964 Thread 0x000002231eff0000 Exception <a 'sun/nio/fs/WindowsException'{0x00000000eff9c048}> (0x00000000eff9c048) thrown at [s\src\hotspot\share\prims\jni.cpp, line 617]
Event: 117.043 Thread 0x000002231eff0000 Exception <a 'sun/nio/fs/WindowsException'{0x00000000efc20b38}> (0x00000000efc20b38) thrown at [s\src\hotspot\share\prims\jni.cpp, line 617]
Event: 117.044 Thread 0x000002231eff0000 Exception <a 'sun/nio/fs/WindowsException'{0x00000000efc20ca8}> (0x00000000efc20ca8) thrown at [s\src\hotspot\share\prims\jni.cpp, line 617]
Event: 117.058 Thread 0x000002231bbc7000 Exception <a 'java/lang/ClassNotFoundException'{0x00000000eff6f318}: Build_Selenium1_6dgj8b4vlzjqylbrrdut6f7etBeanInfo> (0x00000000eff6f318) thrown at [s\src\hotspot\share\classfile\systemDictionary.cpp, line 230]
Event: 117.058 Thread 0x000002231bbc7000 Exception <a 'java/lang/ClassNotFoundException'{0x00000000eff7be48}: Build_Selenium1_6dgj8b4vlzjqylbrrdut6f7etCustomizer> (0x00000000eff7be48) thrown at [s\src\hotspot\share\classfile\systemDictionary.cpp, line 230]
Event: 117.072 Thread 0x000002231bbc7000 Exception <a 'sun/nio/fs/WindowsException'{0x00000000efc68950}> (0x00000000efc68950) thrown at [s\src\hotspot\share\prims\jni.cpp, line 617]
Event: 117.074 Thread 0x000002231bbc7000 Exception <a 'sun/nio/fs/WindowsException'{0x00000000efc69ed8}> (0x00000000efc69ed8) thrown at [s\src\hotspot\share\prims\jni.cpp, line 617]
Event: 117.075 Thread 0x000002231bbc7000 Exception <a 'sun/nio/fs/WindowsException'{0x00000000efc6b460}> (0x00000000efc6b460) thrown at [s\src\hotspot\share\prims\jni.cpp, line 617]
Event: 117.075 Thread 0x000002231bbc7000 Exception <a 'sun/nio/fs/WindowsException'{0x00000000efc6c9d8}> (0x00000000efc6c9d8) thrown at [s\src\hotspot\share\prims\jni.cpp, line 617]
Event: 117.154 Thread 0x000002231bbc7000 Exception <a 'java/lang/ClassNotFoundException'{0x00000000efa29690}: org/gradle/api/internal/tasks/DefaultTaskOutputsBeanInfo> (0x00000000efa29690) thrown at [s\src\hotspot\share\classfile\systemDictionary.cpp, line 230]
Event: 117.154 Thread 0x000002231bbc7000 Exception <a 'java/lang/ClassNotFoundException'{0x00000000efa43ae0}: org/gradle/api/internal/tasks/DefaultTaskOutputsCustomizer> (0x00000000efa43ae0) thrown at [s\src\hotspot\share\classfile\systemDictionary.cpp, line 230]
Event: 117.209 Thread 0x0000022320964800 Exception <a 'sun/nio/fs/WindowsException'{0x00000000ef8c0da0}> (0x00000000ef8c0da0) thrown at [s\src\hotspot\share\prims\jni.cpp, line 617]
Event: 117.209 Thread 0x0000022320964800 Exception <a 'sun/nio/fs/WindowsException'{0x00000000ef8c2b50}> (0x00000000ef8c2b50) thrown at [s\src\hotspot\share\prims\jni.cpp, line 617]
Event: 117.210 Thread 0x0000022320964800 Exception <a 'sun/nio/fs/WindowsException'{0x00000000ef8c4850}> (0x00000000ef8c4850) thrown at [s\src\hotspot\share\prims\jni.cpp, line 617]
Event: 117.210 Thread 0x0000022320964800 Exception <a 'sun/nio/fs/WindowsException'{0x00000000ef8c6278}> (0x00000000ef8c6278) thrown at [s\src\hotspot\share\prims\jni.cpp, line 617]
Event: 117.217 Thread 0x0000022320968800 Exception <a 'sun/nio/fs/WindowsException'{0x00000000ef88b4b8}> (0x00000000ef88b4b8) thrown at [s\src\hotspot\share\prims\jni.cpp, line 617]

Events (20 events):
Event: 117.215 Executing VM operation: RevokeBias
Event: 117.216 Executing VM operation: RevokeBias done
Event: 117.216 Executing VM operation: RevokeBias
Event: 117.216 Executing VM operation: RevokeBias done
Event: 117.223 Executing VM operation: RevokeBias
Event: 117.223 Executing VM operation: RevokeBias done
Event: 117.223 Executing VM operation: RevokeBias
Event: 117.223 Executing VM operation: RevokeBias done
Event: 117.231 Executing VM operation: RevokeBias
Event: 117.231 Executing VM operation: RevokeBias done
Event: 117.231 Executing VM operation: RevokeBias
Event: 117.232 Executing VM operation: RevokeBias done
Event: 117.232 Executing VM operation: RevokeBias
Event: 117.233 Executing VM operation: RevokeBias done
Event: 117.233 Executing VM operation: RevokeBias
Event: 117.233 Executing VM operation: RevokeBias done
Event: 117.236 Executing VM operation: RevokeBias
Event: 117.236 Executing VM operation: RevokeBias done
Event: 117.240 Executing VM operation: RevokeBias
Event: 117.240 Executing VM operation: RevokeBias done


Dynamic libraries:
0x00007ff671f10000 - 0x00007ff671f1e000 	C:\Program Files\Amazon Corretto\jdk11.0.28_6\bin\java.exe
0x00007ff965b00000 - 0x00007ff965d67000 	C:\WINDOWS\SYSTEM32\ntdll.dll
0x00007ff964e00000 - 0x00007ff964ec9000 	C:\WINDOWS\System32\KERNEL32.DLL
0x00007ff963490000 - 0x00007ff963880000 	C:\WINDOWS\System32\KERNELBASE.dll
0x00007ff963190000 - 0x00007ff9632db000 	C:\WINDOWS\System32\ucrtbase.dll
0x00007ff95fa10000 - 0x00007ff95fa2b000 	C:\Program Files\Amazon Corretto\jdk11.0.28_6\bin\VCRUNTIME140.dll
0x00007ff95fb10000 - 0x00007ff95fb27000 	C:\Program Files\Amazon Corretto\jdk11.0.28_6\bin\jli.dll
0x00007ff965650000 - 0x00007ff965815000 	C:\WINDOWS\System32\USER32.dll
0x00007ff9632e0000 - 0x00007ff963307000 	C:\WINDOWS\System32\win32u.dll
0x00007ff948100000 - 0x00007ff94839a000 	C:\WINDOWS\WinSxS\amd64_microsoft.windows.common-controls_6595b64144ccf1df_6.0.26100.4768_none_3e0c112ce331287c\COMCTL32.dll
0x00007ff965620000 - 0x00007ff96564b000 	C:\WINDOWS\System32\GDI32.dll
0x00007ff964040000 - 0x00007ff9640e9000 	C:\WINDOWS\System32\msvcrt.dll
0x00007ff963050000 - 0x00007ff963188000 	C:\WINDOWS\System32\gdi32full.dll
0x00007ff962fa0000 - 0x00007ff963043000 	C:\WINDOWS\System32\msvcp_win.dll
0x00007ff965820000 - 0x00007ff96584f000 	C:\WINDOWS\System32\IMM32.DLL
0x00007ff95fa00000 - 0x00007ff95fa0c000 	C:\Program Files\Amazon Corretto\jdk11.0.28_6\bin\vcruntime140_1.dll
0x00007ff92a4a0000 - 0x00007ff92a52d000 	C:\Program Files\Amazon Corretto\jdk11.0.28_6\bin\msvcp140.dll
0x00007ff8a8250000 - 0x00007ff8a8e15000 	C:\Program Files\Amazon Corretto\jdk11.0.28_6\bin\server\jvm.dll
0x00007ff964ed0000 - 0x00007ff964f84000 	C:\WINDOWS\System32\ADVAPI32.dll
0x00007ff964680000 - 0x00007ff964726000 	C:\WINDOWS\System32\sechost.dll
0x00007ff964130000 - 0x00007ff964248000 	C:\WINDOWS\System32\RPCRT4.dll
0x00007ff964600000 - 0x00007ff964674000 	C:\WINDOWS\System32\WS2_32.dll
0x00007ff964730000 - 0x00007ff964738000 	C:\WINDOWS\System32\PSAPI.DLL
0x00007ff954170000 - 0x00007ff9541a5000 	C:\WINDOWS\SYSTEM32\WINMM.dll
0x00007ff95e1a0000 - 0x00007ff95e1ab000 	C:\WINDOWS\SYSTEM32\VERSION.dll
0x00007ff961840000 - 0x00007ff96185b000 	C:\WINDOWS\SYSTEM32\kernel.appcore.dll
0x00007ff95f950000 - 0x00007ff95f960000 	C:\Program Files\Amazon Corretto\jdk11.0.28_6\bin\verify.dll
0x00007ff95ff20000 - 0x00007ff960161000 	C:\WINDOWS\SYSTEM32\DBGHELP.DLL
0x00007ff964270000 - 0x00007ff9645f5000 	C:\WINDOWS\System32\combase.dll
0x00007ff9659d0000 - 0x00007ff965ab0000 	C:\WINDOWS\System32\OLEAUT32.dll
0x00007ff944d10000 - 0x00007ff944d53000 	C:\WINDOWS\SYSTEM32\dbgcore.DLL
0x00007ff962db0000 - 0x00007ff962e49000 	C:\WINDOWS\System32\bcryptPrimitives.dll
0x00007ff949170000 - 0x00007ff949198000 	C:\Program Files\Amazon Corretto\jdk11.0.28_6\bin\java.dll
0x00007ff95f8e0000 - 0x00007ff95f8ea000 	C:\Program Files\Amazon Corretto\jdk11.0.28_6\bin\jimage.dll
0x00007ff95fbe0000 - 0x00007ff95fbee000 	C:\Program Files\Amazon Corretto\jdk11.0.28_6\bin\instrument.dll
0x00007ff95f510000 - 0x00007ff95f528000 	C:\Program Files\Amazon Corretto\jdk11.0.28_6\bin\zip.dll
0x00007ff9638f0000 - 0x00007ff96403d000 	C:\WINDOWS\System32\SHELL32.dll
0x00007ff963310000 - 0x00007ff963483000 	C:\WINDOWS\System32\wintypes.dll
0x00007ff9605a0000 - 0x00007ff960e00000 	C:\WINDOWS\SYSTEM32\windows.storage.dll
0x00007ff964b60000 - 0x00007ff964c55000 	C:\WINDOWS\System32\SHCORE.dll
0x00007ff964d90000 - 0x00007ff964dfa000 	C:\WINDOWS\System32\shlwapi.dll
0x00007ff962b50000 - 0x00007ff962b79000 	C:\WINDOWS\SYSTEM32\profapi.dll
0x00007ff95f9e0000 - 0x00007ff95f9f9000 	C:\Program Files\Amazon Corretto\jdk11.0.28_6\bin\net.dll
0x00007ff961860000 - 0x00007ff96197e000 	C:\WINDOWS\SYSTEM32\WINHTTP.dll
0x00007ff961ee0000 - 0x00007ff961f4b000 	C:\WINDOWS\system32\mswsock.dll
0x00007ff95f970000 - 0x00007ff95f982000 	C:\Program Files\Amazon Corretto\jdk11.0.28_6\bin\nio.dll
0x00007ff94a5d0000 - 0x00007ff94a5f7000 	C:\Users\yarias\.gradle\native\c067742578af261105cb4f569cf0c3c89f3d7b1fecec35dd04571415982c5e48\windows-amd64\native-platform.dll
0x00007ff8d74a0000 - 0x00007ff8d75e4000 	C:\Users\yarias\.gradle\native\38dada09dfb8b06ba9b0570ebf7e218e3eb74d4ef43ca46872605cf95ebc2f47\windows-amd64\native-platform-file-events.dll
0x00007ff95f960000 - 0x00007ff95f969000 	C:\Program Files\Amazon Corretto\jdk11.0.28_6\bin\management.dll
0x00007ff95ef60000 - 0x00007ff95ef6b000 	C:\Program Files\Amazon Corretto\jdk11.0.28_6\bin\management_ext.dll
0x00007ff9622c0000 - 0x00007ff9622db000 	C:\WINDOWS\SYSTEM32\CRYPTSP.dll
0x00007ff9617a0000 - 0x00007ff9617db000 	C:\WINDOWS\system32\rsaenh.dll
0x00007ff961f80000 - 0x00007ff961fab000 	C:\WINDOWS\SYSTEM32\USERENV.dll
0x00007ff962b20000 - 0x00007ff962b46000 	C:\WINDOWS\SYSTEM32\bcrypt.dll
0x00007ff962120000 - 0x00007ff96212c000 	C:\WINDOWS\SYSTEM32\CRYPTBASE.dll
0x00007ff961020000 - 0x00007ff961053000 	C:\WINDOWS\SYSTEM32\IPHLPAPI.DLL
0x00007ff965510000 - 0x00007ff96551a000 	C:\WINDOWS\System32\NSI.dll
0x00007ff953440000 - 0x00007ff95345f000 	C:\WINDOWS\SYSTEM32\dhcpcsvc6.DLL
0x00007ff94eef0000 - 0x00007ff94ef15000 	C:\WINDOWS\SYSTEM32\dhcpcsvc.DLL
0x00007ff961060000 - 0x00007ff961186000 	C:\WINDOWS\SYSTEM32\DNSAPI.dll

dbghelp: loaded successfully - version: 4.0.5 - missing functions: none
symbol engine: initialized successfully - sym options: 0x614 - pdb path: .;C:\Program Files\Amazon Corretto\jdk11.0.28_6\bin;C:\WINDOWS\SYSTEM32;C:\WINDOWS\WinSxS\amd64_microsoft.windows.common-controls_6595b64144ccf1df_6.0.26100.4768_none_3e0c112ce331287c;C:\Program Files\Amazon Corretto\jdk11.0.28_6\bin\server;C:\Users\yarias\.gradle\native\c067742578af261105cb4f569cf0c3c89f3d7b1fecec35dd04571415982c5e48\windows-amd64;C:\Users\yarias\.gradle\native\38dada09dfb8b06ba9b0570ebf7e218e3eb74d4ef43ca46872605cf95ebc2f47\windows-amd64

VM Arguments:
jvm_args: --add-opens=java.base/java.util=ALL-UNNAMED --add-opens=java.base/java.lang=ALL-UNNAMED --add-opens=java.base/java.lang.invoke=ALL-UNNAMED --add-opens=java.prefs/java.util.prefs=ALL-UNNAMED --add-opens=java.base/java.nio.charset=ALL-UNNAMED --add-opens=java.base/java.net=ALL-UNNAMED --add-opens=java.base/java.util.concurrent.atomic=ALL-UNNAMED -XX:MaxMetaspaceSize=384m -XX:+HeapDumpOnOutOfMemoryError -Xms256m -Xmx512m -Dfile.encoding=UTF-8 -Duser.country=US -Duser.language=en -Duser.variant -javaagent:C:\Users\yarias\.gradle\wrapper\dists\gradle-8.6-bin\afr5mpiioh2wthjmwnkmdsd5w\gradle-8.6\lib\agents\gradle-instrumentation-agent-8.6.jar 
java_command: org.gradle.launcher.daemon.bootstrap.GradleDaemon 8.6
java_class_path (initial): C:\Users\yarias\.gradle\wrapper\dists\gradle-8.6-bin\afr5mpiioh2wthjmwnkmdsd5w\gradle-8.6\lib\gradle-launcher-8.6.jar
Launcher Type: SUN_STANDARD

[Global flags]
     intx CICompilerCount                          = 4                                         {product} {ergonomic}
   size_t CompressedClassSpaceSize                 = 394264576                                 {product} {ergonomic}
     uint ConcGCThreads                            = 2                                         {product} {ergonomic}
     uint G1ConcRefinementThreads                  = 8                                         {product} {ergonomic}
   size_t G1HeapRegionSize                         = 1048576                                   {product} {ergonomic}
    uintx GCDrainStackTargetSize                   = 64                                        {product} {ergonomic}
     bool HeapDumpOnOutOfMemoryError               = true                                   {manageable} {command line}
   size_t InitialHeapSize                          = 268435456                                 {product} {command line}
   size_t MarkStackSize                            = 4194304                                   {product} {ergonomic}
   size_t MaxHeapSize                              = 536870912                                 {product} {command line}
   size_t MaxMetaspaceSize                         = 402653184                                 {product} {command line}
   size_t MaxNewSize                               = 321912832                                 {product} {ergonomic}
   size_t MinHeapDeltaBytes                        = 1048576                                   {product} {ergonomic}
    uintx NonNMethodCodeHeapSize                   = 5836300                                {pd product} {ergonomic}
    uintx NonProfiledCodeHeapSize                  = 122910970                              {pd product} {ergonomic}
    uintx ProfiledCodeHeapSize                     = 122910970                              {pd product} {ergonomic}
    uintx ReservedCodeCacheSize                    = 251658240                              {pd product} {ergonomic}
     bool SegmentedCodeCache                       = true                                      {product} {ergonomic}
     bool UseCompressedClassPointers               = true                                 {lp64_product} {ergonomic}
     bool UseCompressedOops                        = true                                 {lp64_product} {ergonomic}
     bool UseG1GC                                  = true                                      {product} {ergonomic}
     bool UseLargePagesIndividualAllocation        = false                                  {pd product} {ergonomic}

Logging:
Log output configuration:
 #0: stdout all=warning uptime,level,tags
 #1: stderr all=off uptime,level,tags

Environment Variables:
JAVA_HOME=C:\Program Files\Amazon Corretto\jdk11.0.28_6
PATH=C:\Program Files\Microsoft SDKs\Azure\CLI2\wbin;C:\Program Files\Amazon Corretto\jdk11.0.28_6\bin;C:\Program Files (x86)\Common Files\Oracle\Java\java8path;C:\Program Files (x86)\Common Files\Oracle\Java\javapath;C:\Program Files\Python313\Scripts\;C:\Program Files\Python313\;C:\Program Files\Python312\Scripts\;C:\Program Files\Python312\;C:\ProgramData\Oracle\Java\javapath;C:\WINDOWS\system32;C:\WINDOWS;C:\WINDOWS\System32\Wbem;C:\WINDOWS\System32\WindowsPowerShell\v1.0\;C:\Program Files\dotnet\;C:\Program Files\gradle-8.6\bin;C:\Program Files\Amazon Corretto\jdk11.0.28_6\bin;C:\Program Files (x86)\Microsoft SQL Server\150\DTS\Binn\;C:\Program Files\Azure Data Studio\bin;C:\Program Files\Microsoft SQL Server\Client SDK\ODBC\170\Tools\Binn\;C:\Program Files (x86)\Microsoft SQL Server\150\Tools\Binn\;C:\Program Files\Microsoft SQL Server\150\Tools\Binn\;C:\Program Files\Microsoft SQL Server\150\DTS\Binn\;C:\Android\Sdk\platform-tools;C:\Android\Sdk\build-tools;C:\Android\Sdk\platform-tools;C:\Program Files\Microsoft SQL Server\130\Tools\Binn\;C:\Program Files (x86)\dotnet\;C:\ProgramData\chocolatey\bin;C:\Program Files\PostgreSQL\16\bin;C:\Program Files\RedHat\Podman\;C:\WINDOWS\System32\OpenSSH\;C:\Windows\System32\OpenSSH\;C:\Users\yarias\AppData\Roaming\Python\Python313\Scripts;C:\Program Files\PuTTY\;C:\Program Files\nodejs\;C:\WS Auto\apache-maven-3.9.11\bin;C:\Program Files\Git\cmd;C:\Users\yarias\.console-ninja\.bin;C:\Users\yarias\AppData\Local\Microsoft\WindowsApps;C:\Users\yarias\Downloads\sonarqube-10.3.0.82913\sonarqube-10.3.0.82913;C:\Program Files\Amazon Corretto\jdk11.0.24_8\bin;C:\Users\yarias\AppData\Local\Programs\Microsoft VS Code\bin;C:\tools\dart-sdk\bin;C:\Users\yarias\AppData\Local\Pub\Cache\bin;C:\tools\sdk\flutter\bin;C:\tools\sdk\flutter\bin\cache\dart-sdk\bin;C:\Users\yarias\AppData\Roaming\npm;C:\Users\yarias\AppData\Local\Microsoft\WindowsApps;C:\Users\yarias\AppData\Roaming\Python\Python312\Scripts;C:\Users\yarias\AppData\Local\Microso
USERNAME=yarias
OS=Windows_NT
PROCESSOR_IDENTIFIER=Intel64 Family 6 Model 140 Stepping 1, GenuineIntel
TMP=C:\Users\yarias\AppData\Local\Temp
TEMP=C:\Users\yarias\AppData\Local\Temp



---------------  S Y S T E M  ---------------

OS: Windows 11 , 64 bit Build 26100 (10.0.26100.4768)
OS uptime: 1 days 20:12 hours
Hyper-V role detected

CPU:total 8 (initial active 8) (4 cores per cpu, 2 threads per core) family 6 model 140 stepping 1 microcode 0xbc, cmov, cx8, fxsr, mmx, sse, sse2, sse3, ssse3, sse4.1, sse4.2, popcnt, avx, avx2, aes, clmul, erms, 3dnowpref, lzcnt, ht, tsc, tscinvbit, bmi1, bmi2, adx, evex, sha, fma

Memory: 4k page, system-wide physical 16122M (1467M free)
TotalPageFile size 36176M (AvailPageFile size 2M)
current process WorkingSet (physical memory assigned to process): 494M, peak: 511M
current process commit charge ("private bytes"): 534M, peak: 563M

vm_info: OpenJDK 64-Bit Server VM (11.0.28+6-LTS) for windows-amd64 JRE (11.0.28+6-LTS), built on Jul  8 2025 18:31:33 by "Administrator" with MS VC++ 16.10 / 16.11 (VS2019)

END.
